#
# There is insufficient memory for the Java Runtime Environment to continue.
# Native memory allocation (malloc) failed to allocate 1044336 bytes for Chunk::new
# Possible reasons:
#   The system is out of physical RAM or swap space
#   The process is running with CompressedOops enabled, and the Java Heap may be blocking the growth of the native heap
# Possible solutions:
#   Reduce memory load on the system
#   Increase physical memory or swap space
#   Check if swap backing store is full
#   Decrease Java heap size (-Xmx/-Xms)
#   Decrease number of Java threads
#   Decrease Java thread stack sizes (-Xss)
#   Set larger code cache with -XX:ReservedCodeCacheSize=
#   JVM is running with Unscaled Compressed Oops mode in which the Java heap is
#     placed in the first 4GB address space. The Java Heap base address is the
#     maximum limit for the native heap growth. Please use -XX:HeapBaseMinAddress
#     to set the Java Heap base and to place the Java Heap above 4GB virtual address.
# This output file may be truncated or incomplete.
#
#  Out of Memory Error (./open/src/hotspot/share/memory/arena.cpp:197), pid=6460, tid=32440
#
# JRE version: Java(TM) SE Runtime Environment 18.9 (11.0.17+10) (build 11.0.17+10-LTS-269)
# Java VM: Java HotSpot(TM) 64-Bit Server VM 18.9 (11.0.17+10-LTS-269, mixed mode, tiered, compressed oops, g1 gc, windows-amd64)
# No core dump will be written. Minidumps are not enabled by default on client versions of Windows
#

---------------  S U M M A R Y ------------

Command Line: -XX:MaxMetaspaceSize=512m --add-opens=java.base/java.util=ALL-UNNAMED --add-opens=java.base/java.lang=ALL-UNNAMED --add-opens=java.base/java.lang.invoke=ALL-UNNAMED --add-opens=java.prefs/java.util.prefs=ALL-UNNAMED --add-opens=java.base/java.nio.charset=ALL-UNNAMED --add-opens=java.base/java.net=ALL-UNNAMED --add-opens=java.base/java.util.concurrent.atomic=ALL-UNNAMED -Xmx2048m -Dfile.encoding=windows-1252 -Duser.country=FR -Duser.language=fr -Duser.variant org.gradle.launcher.daemon.bootstrap.GradleDaemon 8.0.1

Host: Intel(R) Core(TM) i5-8265U CPU @ 1.60GHz, 8 cores, 7G,  Windows 11 , 64 bit Build 23481 (10.0.23481.1000)
Time: Mon Jun 26 18:38:48 2023 Afrique du Sud elapsed time: 5.528264 seconds (0d 0h 0m 5s)

---------------  T H R E A D  ---------------

Current thread (0x000001abffcf1800):  JavaThread "C2 CompilerThread0" daemon [_thread_in_native, id=32440, stack(0x0000000205600000,0x0000000205700000)]


Current CompileTask:
C2:   5528 2416   !   4       java.net.URL::<init> (543 bytes)

Stack: [0x0000000205600000,0x0000000205700000]
Native frames: (J=compiled Java code, j=interpreted, Vv=VM code, C=native code)
V  [jvm.dll+0x62b5da]
V  [jvm.dll+0x7653df]
V  [jvm.dll+0x766a89]
V  [jvm.dll+0x767113]
V  [jvm.dll+0x23dd28]
V  [jvm.dll+0xb2a1c]
V  [jvm.dll+0xb2fdc]
V  [jvm.dll+0x341552]
V  [jvm.dll+0x18ce51]
V  [jvm.dll+0x1f8815]
V  [jvm.dll+0x1f78fd]
V  [jvm.dll+0x177c91]
V  [jvm.dll+0x207296]
V  [jvm.dll+0x20542b]
V  [jvm.dll+0x72b2c0]
V  [jvm.dll+0x723e64]
V  [jvm.dll+0x62a485]
C  [ucrtbase.dll+0x29363]
C  [KERNEL32.DLL+0x126ad]
C  [ntdll.dll+0x5aa08]


---------------  P R O C E S S  ---------------

Threads class SMR info:
_java_thread_list=0x000001ab88ea8cd0, length=30, elements={
0x000001abe5cab000, 0x000001abffccd800, 0x000001abffcd0000, 0x000001abffce9000,
0x000001abffcea000, 0x000001abffcec000, 0x000001abffcf1800, 0x000001abffcf2800,
0x000001abffcf5000, 0x000001ab8498e800, 0x000001ab86a25800, 0x000001ab86a71000,
0x000001ab85767800, 0x000001ab86220800, 0x000001ab86142000, 0x000001ab863ce800,
0x000001ab85752800, 0x000001ab86c08000, 0x000001ab85f90800, 0x000001ab869b6000,
0x000001ab869b6800, 0x000001ab869b7800, 0x000001ab869b8800, 0x000001ab869b9000,
0x000001ab869ba000, 0x000001ab869b4800, 0x000001ab869bb000, 0x000001ab869b5000,
0x000001ab85866800, 0x000001ab85867800
}

Java Threads: ( => current thread )
  0x000001abe5cab000 JavaThread "main" [_thread_blocked, id=27148, stack(0x0000000204a00000,0x0000000204b00000)]
  0x000001abffccd800 JavaThread "Reference Handler" daemon [_thread_blocked, id=28848, stack(0x0000000205100000,0x0000000205200000)]
  0x000001abffcd0000 JavaThread "Finalizer" daemon [_thread_blocked, id=10572, stack(0x0000000205200000,0x0000000205300000)]
  0x000001abffce9000 JavaThread "Signal Dispatcher" daemon [_thread_blocked, id=32424, stack(0x0000000205300000,0x0000000205400000)]
  0x000001abffcea000 JavaThread "Attach Listener" daemon [_thread_blocked, id=6680, stack(0x0000000205400000,0x0000000205500000)]
  0x000001abffcec000 JavaThread "Service Thread" daemon [_thread_blocked, id=10816, stack(0x0000000205500000,0x0000000205600000)]
=>0x000001abffcf1800 JavaThread "C2 CompilerThread0" daemon [_thread_in_native, id=32440, stack(0x0000000205600000,0x0000000205700000)]
  0x000001abffcf2800 JavaThread "C1 CompilerThread0" daemon [_thread_blocked, id=17924, stack(0x0000000205700000,0x0000000205800000)]
  0x000001abffcf5000 JavaThread "Sweeper thread" daemon [_thread_blocked, id=23788, stack(0x0000000205800000,0x0000000205900000)]
  0x000001ab8498e800 JavaThread "Common-Cleaner" daemon [_thread_blocked, id=6880, stack(0x0000000205900000,0x0000000205a00000)]
  0x000001ab86a25800 JavaThread "Daemon health stats" [_thread_blocked, id=9328, stack(0x0000000205b00000,0x0000000205c00000)]
  0x000001ab86a71000 JavaThread "Incoming local TCP Connector on port 57525" [_thread_in_native, id=21036, stack(0x0000000205e00000,0x0000000205f00000)]
  0x000001ab85767800 JavaThread "Daemon periodic checks" [_thread_blocked, id=15244, stack(0x0000000205f00000,0x0000000206000000)]
  0x000001ab86220800 JavaThread "Daemon" [_thread_blocked, id=3864, stack(0x0000000206000000,0x0000000206100000)]
  0x000001ab86142000 JavaThread "Handler for socket connection from /127.0.0.1:57525 to /127.0.0.1:57526" [_thread_in_native, id=28052, stack(0x0000000206100000,0x0000000206200000)]
  0x000001ab863ce800 JavaThread "Cancel handler" [_thread_blocked, id=11216, stack(0x0000000206200000,0x0000000206300000)]
  0x000001ab85752800 JavaThread "Daemon worker" [_thread_in_Java, id=28780, stack(0x0000000206300000,0x0000000206400000)]
  0x000001ab86c08000 JavaThread "Asynchronous log dispatcher for DefaultDaemonConnection: socket connection from /127.0.0.1:57525 to /127.0.0.1:57526" [_thread_blocked, id=33528, stack(0x0000000206400000,0x0000000206500000)]
  0x000001ab85f90800 JavaThread "Stdin handler" [_thread_blocked, id=4180, stack(0x0000000206500000,0x0000000206600000)]
  0x000001ab869b6000 JavaThread "Daemon client event forwarder" [_thread_blocked, id=22928, stack(0x0000000206600000,0x0000000206700000)]
  0x000001ab869b6800 JavaThread "Cache worker for journal cache (C:\Users\devvu\.gradle\caches\journal-1)" [_thread_blocked, id=30476, stack(0x0000000206c00000,0x0000000206d00000)]
  0x000001ab869b7800 JavaThread "File lock request listener" [_thread_in_native, id=30304, stack(0x0000000206d00000,0x0000000206e00000)]
  0x000001ab869b8800 JavaThread "Cache worker for file hash cache (C:\Users\devvu\.gradle\caches\8.0.1\fileHashes)" [_thread_blocked, id=29208, stack(0x0000000206f00000,0x0000000207000000)]
  0x000001ab869b9000 JavaThread "File watcher server" daemon [_thread_in_native, id=31228, stack(0x0000000207000000,0x0000000207100000)]
  0x000001ab869ba000 JavaThread "File watcher consumer" daemon [_thread_blocked, id=33296, stack(0x0000000207100000,0x0000000207200000)]
  0x000001ab869b4800 JavaThread "Cache worker for checksums cache (D:\VsReactNative\nyukitechnologie\android\.gradle\8.0.1\checksums)" [_thread_blocked, id=17532, stack(0x0000000207200000,0x0000000207300000)]
  0x000001ab869bb000 JavaThread "Cache worker for cache directory md-rule (C:\Users\devvu\.gradle\caches\8.0.1\md-rule)" [_thread_blocked, id=28852, stack(0x0000000207300000,0x0000000207400000)]
  0x000001ab869b5000 JavaThread "Cache worker for file content cache (C:\Users\devvu\.gradle\caches\8.0.1\fileContent)" [_thread_blocked, id=31540, stack(0x0000000207400000,0x0000000207500000)]
  0x000001ab85866800 JavaThread "Cache worker for file hash cache (D:\VsReactNative\nyukitechnologie\android\.gradle\8.0.1\fileHashes)" [_thread_blocked, id=32540, stack(0x0000000207500000,0x0000000207600000)]
  0x000001ab85867800 JavaThread "Cache worker for cache directory md-supplier (C:\Users\devvu\.gradle\caches\8.0.1\md-supplier)" [_thread_blocked, id=7544, stack(0x0000000207600000,0x0000000207700000)]

Other Threads:
  0x000001abffccc000 VMThread "VM Thread" [stack: 0x0000000205000000,0x0000000205100000] [id=9624]
  0x000001ab8499e800 WatcherThread [stack: 0x0000000205a00000,0x0000000205b00000] [id=21704]
  0x000001abe5cc2000 GCTaskThread "GC Thread#0" [stack: 0x0000000204b00000,0x0000000204c00000] [id=33512]
  0x000001ab85627000 GCTaskThread "GC Thread#1" [stack: 0x0000000205c00000,0x0000000205d00000] [id=1820]
  0x000001ab85ae7800 GCTaskThread "GC Thread#2" [stack: 0x0000000205d00000,0x0000000205e00000] [id=5048]
  0x000001ab8691e000 GCTaskThread "GC Thread#3" [stack: 0x0000000206700000,0x0000000206800000] [id=18700]
  0x000001ab8639a800 GCTaskThread "GC Thread#4" [stack: 0x0000000206800000,0x0000000206900000] [id=26612]
  0x000001ab85961000 GCTaskThread "GC Thread#5" [stack: 0x0000000206900000,0x0000000206a00000] [id=30348]
  0x000001ab850b9000 GCTaskThread "GC Thread#6" [stack: 0x0000000206a00000,0x0000000206b00000] [id=12684]
  0x000001ab86877000 GCTaskThread "GC Thread#7" [stack: 0x0000000206b00000,0x0000000206c00000] [id=26828]
  0x000001abe5cf4000 ConcurrentGCThread "G1 Main Marker" [stack: 0x0000000204c00000,0x0000000204d00000] [id=23772]
  0x000001abe5cf6000 ConcurrentGCThread "G1 Conc#0" [stack: 0x0000000204d00000,0x0000000204e00000] [id=9680]
  0x000001ab85c81000 ConcurrentGCThread "G1 Conc#1" [stack: 0x0000000206e00000,0x0000000206f00000] [id=28924]
  0x000001abe5d7e000 ConcurrentGCThread "G1 Refine#0" [stack: 0x0000000204e00000,0x0000000204f00000] [id=20536]
  0x000001abffb3a800 ConcurrentGCThread "G1 Young RemSet Sampling" [stack: 0x0000000204f00000,0x0000000205000000] [id=32944]

Threads with active compile tasks:
C2 CompilerThread0     5603 2416   !   4       java.net.URL::<init> (543 bytes)

VM state:not at safepoint (normal execution)

VM Mutex/Monitor currently owned by a thread: None

Heap address: 0x0000000080000000, size: 2048 MB, Compressed Oops mode: 32-bit
Narrow klass base: 0x0000000000000000, Narrow klass shift: 3
Compressed class space size: 528482304 Address: 0x0000000100000000

Heap:
 garbage-first heap   total 129024K, used 56119K [0x0000000080000000, 0x0000000100000000)
  region size 1024K, 40 young (40960K), 4 survivors (4096K)
 Metaspace       used 29033K, capacity 29814K, committed 30076K, reserved 542720K
  class space    used 3865K, capacity 4178K, committed 4300K, reserved 516096K
Heap Regions: E=young(eden), S=young(survivor), O=old, HS=humongous(starts), HC=humongous(continues), CS=collection set, F=free, A=archive, TAMS=top-at-mark-start (previous, next)
|   0|0x0000000080000000, 0x0000000080100000, 0x0000000080100000|100%|HS|  |TAMS 0x0000000080100000, 0x0000000080000000| Complete 
|   1|0x0000000080100000, 0x0000000080200000, 0x0000000080200000|100%|HC|  |TAMS 0x0000000080200000, 0x0000000080100000| Complete 
|   2|0x0000000080200000, 0x0000000080300000, 0x0000000080300000|100%|HC|  |TAMS 0x0000000080300000, 0x0000000080200000| Complete 
|   3|0x0000000080300000, 0x0000000080400000, 0x0000000080400000|100%|HC|  |TAMS 0x0000000080400000, 0x0000000080300000| Complete 
|   4|0x0000000080400000, 0x0000000080500000, 0x0000000080500000|100%| O|  |TAMS 0x0000000080500000, 0x0000000080400000| Untracked 
|   5|0x0000000080500000, 0x0000000080600000, 0x0000000080600000|100%| O|  |TAMS 0x0000000080600000, 0x0000000080500000| Untracked 
|   6|0x0000000080600000, 0x0000000080700000, 0x0000000080700000|100%| O|  |TAMS 0x0000000080700000, 0x0000000080600000| Untracked 
|   7|0x0000000080700000, 0x0000000080800000, 0x0000000080800000|100%| O|  |TAMS 0x0000000080800000, 0x0000000080700000| Untracked 
|   8|0x0000000080800000, 0x0000000080900000, 0x0000000080900000|100%| O|  |TAMS 0x0000000080900000, 0x0000000080800000| Untracked 
|   9|0x0000000080900000, 0x0000000080a00000, 0x0000000080a00000|100%| O|  |TAMS 0x0000000080a00000, 0x0000000080900000| Untracked 
|  10|0x0000000080a00000, 0x0000000080b00000, 0x0000000080b00000|100%| O|  |TAMS 0x0000000080b00000, 0x0000000080a00000| Untracked 
|  11|0x0000000080b00000, 0x0000000080c00000, 0x0000000080c00000|100%| O|  |TAMS 0x0000000080c00000, 0x0000000080b00000| Untracked 
|  12|0x0000000080c00000, 0x0000000080d00000, 0x0000000080d00000|100%| O|  |TAMS 0x0000000080d00000, 0x0000000080c00000| Untracked 
|  13|0x0000000080d00000, 0x0000000080e00000, 0x0000000080e00000|100%| O|  |TAMS 0x0000000080e00000, 0x0000000080d00000| Untracked 
|  14|0x0000000080e00000, 0x0000000080f00000, 0x0000000080f00000|100%| O|  |TAMS 0x0000000080f00000, 0x0000000080e00000| Untracked 
|  15|0x0000000080f00000, 0x0000000081000000, 0x0000000081000000|100%| O|  |TAMS 0x0000000081000000, 0x0000000080f00000| Untracked 
|  16|0x0000000081000000, 0x00000000810ba600, 0x0000000081100000| 72%| O|  |TAMS 0x00000000810ba600, 0x0000000081000000| Untracked 
|  17|0x0000000081100000, 0x0000000081100000, 0x0000000081200000|  0%| F|  |TAMS 0x0000000081100000, 0x0000000081100000| Untracked 
|  18|0x0000000081200000, 0x0000000081200000, 0x0000000081300000|  0%| F|  |TAMS 0x0000000081200000, 0x0000000081200000| Untracked 
|  19|0x0000000081300000, 0x0000000081300000, 0x0000000081400000|  0%| F|  |TAMS 0x0000000081300000, 0x0000000081300000| Untracked 
|  20|0x0000000081400000, 0x0000000081400000, 0x0000000081500000|  0%| F|  |TAMS 0x0000000081400000, 0x0000000081400000| Untracked 
|  21|0x0000000081500000, 0x0000000081500000, 0x0000000081600000|  0%| F|  |TAMS 0x0000000081500000, 0x0000000081500000| Untracked 
|  22|0x0000000081600000, 0x0000000081600000, 0x0000000081700000|  0%| F|  |TAMS 0x0000000081600000, 0x0000000081600000| Untracked 
|  23|0x0000000081700000, 0x0000000081700000, 0x0000000081800000|  0%| F|  |TAMS 0x0000000081700000, 0x0000000081700000| Untracked 
|  24|0x0000000081800000, 0x0000000081800000, 0x0000000081900000|  0%| F|  |TAMS 0x0000000081800000, 0x0000000081800000| Untracked 
|  25|0x0000000081900000, 0x0000000081900000, 0x0000000081a00000|  0%| F|  |TAMS 0x0000000081900000, 0x0000000081900000| Untracked 
|  26|0x0000000081a00000, 0x0000000081a00000, 0x0000000081b00000|  0%| F|  |TAMS 0x0000000081a00000, 0x0000000081a00000| Untracked 
|  27|0x0000000081b00000, 0x0000000081b00000, 0x0000000081c00000|  0%| F|  |TAMS 0x0000000081b00000, 0x0000000081b00000| Untracked 
|  28|0x0000000081c00000, 0x0000000081c00000, 0x0000000081d00000|  0%| F|  |TAMS 0x0000000081c00000, 0x0000000081c00000| Untracked 
|  29|0x0000000081d00000, 0x0000000081d00000, 0x0000000081e00000|  0%| F|  |TAMS 0x0000000081d00000, 0x0000000081d00000| Untracked 
|  30|0x0000000081e00000, 0x0000000081e00000, 0x0000000081f00000|  0%| F|  |TAMS 0x0000000081e00000, 0x0000000081e00000| Untracked 
|  31|0x0000000081f00000, 0x0000000081f00000, 0x0000000082000000|  0%| F|  |TAMS 0x0000000081f00000, 0x0000000081f00000| Untracked 
|  32|0x0000000082000000, 0x0000000082000000, 0x0000000082100000|  0%| F|  |TAMS 0x0000000082000000, 0x0000000082000000| Untracked 
|  33|0x0000000082100000, 0x0000000082100000, 0x0000000082200000|  0%| F|  |TAMS 0x0000000082100000, 0x0000000082100000| Untracked 
|  34|0x0000000082200000, 0x0000000082200000, 0x0000000082300000|  0%| F|  |TAMS 0x0000000082200000, 0x0000000082200000| Untracked 
|  35|0x0000000082300000, 0x0000000082300000, 0x0000000082400000|  0%| F|  |TAMS 0x0000000082300000, 0x0000000082300000| Untracked 
|  36|0x0000000082400000, 0x0000000082400000, 0x0000000082500000|  0%| F|  |TAMS 0x0000000082400000, 0x0000000082400000| Untracked 
|  37|0x0000000082500000, 0x0000000082500000, 0x0000000082600000|  0%| F|  |TAMS 0x0000000082500000, 0x0000000082500000| Untracked 
|  38|0x0000000082600000, 0x0000000082600000, 0x0000000082700000|  0%| F|  |TAMS 0x0000000082600000, 0x0000000082600000| Untracked 
|  39|0x0000000082700000, 0x0000000082700000, 0x0000000082800000|  0%| F|  |TAMS 0x0000000082700000, 0x0000000082700000| Untracked 
|  40|0x0000000082800000, 0x0000000082800000, 0x0000000082900000|  0%| F|  |TAMS 0x0000000082800000, 0x0000000082800000| Untracked 
|  41|0x0000000082900000, 0x0000000082900000, 0x0000000082a00000|  0%| F|  |TAMS 0x0000000082900000, 0x0000000082900000| Untracked 
|  42|0x0000000082a00000, 0x0000000082a00000, 0x0000000082b00000|  0%| F|  |TAMS 0x0000000082a00000, 0x0000000082a00000| Untracked 
|  43|0x0000000082b00000, 0x0000000082b00000, 0x0000000082c00000|  0%| F|  |TAMS 0x0000000082b00000, 0x0000000082b00000| Untracked 
|  44|0x0000000082c00000, 0x0000000082c00000, 0x0000000082d00000|  0%| F|  |TAMS 0x0000000082c00000, 0x0000000082c00000| Untracked 
|  45|0x0000000082d00000, 0x0000000082d00000, 0x0000000082e00000|  0%| F|  |TAMS 0x0000000082d00000, 0x0000000082d00000| Untracked 
|  46|0x0000000082e00000, 0x0000000082e00000, 0x0000000082f00000|  0%| F|  |TAMS 0x0000000082e00000, 0x0000000082e00000| Untracked 
|  47|0x0000000082f00000, 0x0000000082f00000, 0x0000000083000000|  0%| F|  |TAMS 0x0000000082f00000, 0x0000000082f00000| Untracked 
|  48|0x0000000083000000, 0x0000000083000000, 0x0000000083100000|  0%| F|  |TAMS 0x0000000083000000, 0x0000000083000000| Untracked 
|  49|0x0000000083100000, 0x0000000083100000, 0x0000000083200000|  0%| F|  |TAMS 0x0000000083100000, 0x0000000083100000| Untracked 
|  50|0x0000000083200000, 0x0000000083200000, 0x0000000083300000|  0%| F|  |TAMS 0x0000000083200000, 0x0000000083200000| Untracked 
|  51|0x0000000083300000, 0x0000000083300000, 0x0000000083400000|  0%| F|  |TAMS 0x0000000083300000, 0x0000000083300000| Untracked 
|  52|0x0000000083400000, 0x0000000083400000, 0x0000000083500000|  0%| F|  |TAMS 0x0000000083400000, 0x0000000083400000| Untracked 
|  53|0x0000000083500000, 0x0000000083500000, 0x0000000083600000|  0%| F|  |TAMS 0x0000000083500000, 0x0000000083500000| Untracked 
|  54|0x0000000083600000, 0x0000000083600000, 0x0000000083700000|  0%| F|  |TAMS 0x0000000083600000, 0x0000000083600000| Untracked 
|  55|0x0000000083700000, 0x0000000083700000, 0x0000000083800000|  0%| F|  |TAMS 0x0000000083700000, 0x0000000083700000| Untracked 
|  56|0x0000000083800000, 0x0000000083800000, 0x0000000083900000|  0%| F|  |TAMS 0x0000000083800000, 0x0000000083800000| Untracked 
|  57|0x0000000083900000, 0x0000000083900000, 0x0000000083a00000|  0%| F|  |TAMS 0x0000000083900000, 0x0000000083900000| Untracked 
|  58|0x0000000083a00000, 0x0000000083a00000, 0x0000000083b00000|  0%| F|  |TAMS 0x0000000083a00000, 0x0000000083a00000| Untracked 
|  59|0x0000000083b00000, 0x0000000083b00000, 0x0000000083c00000|  0%| F|  |TAMS 0x0000000083b00000, 0x0000000083b00000| Untracked 
|  60|0x0000000083c00000, 0x0000000083c00000, 0x0000000083d00000|  0%| F|  |TAMS 0x0000000083c00000, 0x0000000083c00000| Untracked 
|  61|0x0000000083d00000, 0x0000000083d00000, 0x0000000083e00000|  0%| F|  |TAMS 0x0000000083d00000, 0x0000000083d00000| Untracked 
|  62|0x0000000083e00000, 0x0000000083e139d0, 0x0000000083f00000|  7%| S|CS|TAMS 0x0000000083e00000, 0x0000000083e00000| Complete 
|  63|0x0000000083f00000, 0x0000000084000000, 0x0000000084000000|100%| S|CS|TAMS 0x0000000083f00000, 0x0000000083f00000| Complete 
|  64|0x0000000084000000, 0x0000000084100000, 0x0000000084100000|100%| S|CS|TAMS 0x0000000084000000, 0x0000000084000000| Complete 
|  65|0x0000000084100000, 0x0000000084200000, 0x0000000084200000|100%| S|CS|TAMS 0x0000000084100000, 0x0000000084100000| Complete 
|  66|0x0000000084200000, 0x0000000084200000, 0x0000000084300000|  0%| F|  |TAMS 0x0000000084200000, 0x0000000084200000| Untracked 
|  67|0x0000000084300000, 0x0000000084300000, 0x0000000084400000|  0%| F|  |TAMS 0x0000000084300000, 0x0000000084300000| Untracked 
|  68|0x0000000084400000, 0x0000000084400000, 0x0000000084500000|  0%| F|  |TAMS 0x0000000084400000, 0x0000000084400000| Untracked 
|  69|0x0000000084500000, 0x0000000084500000, 0x0000000084600000|  0%| F|  |TAMS 0x0000000084500000, 0x0000000084500000| Untracked 
|  70|0x0000000084600000, 0x0000000084600000, 0x0000000084700000|  0%| F|  |TAMS 0x0000000084600000, 0x0000000084600000| Untracked 
|  71|0x0000000084700000, 0x0000000084700000, 0x0000000084800000|  0%| F|  |TAMS 0x0000000084700000, 0x0000000084700000| Untracked 
|  72|0x0000000084800000, 0x0000000084800000, 0x0000000084900000|  0%| F|  |TAMS 0x0000000084800000, 0x0000000084800000| Untracked 
|  73|0x0000000084900000, 0x0000000084900000, 0x0000000084a00000|  0%| F|  |TAMS 0x0000000084900000, 0x0000000084900000| Untracked 
|  74|0x0000000084a00000, 0x0000000084a00000, 0x0000000084b00000|  0%| F|  |TAMS 0x0000000084a00000, 0x0000000084a00000| Untracked 
|  75|0x0000000084b00000, 0x0000000084b00000, 0x0000000084c00000|  0%| F|  |TAMS 0x0000000084b00000, 0x0000000084b00000| Untracked 
|  76|0x0000000084c00000, 0x0000000084c00000, 0x0000000084d00000|  0%| F|  |TAMS 0x0000000084c00000, 0x0000000084c00000| Untracked 
|  77|0x0000000084d00000, 0x0000000084d00000, 0x0000000084e00000|  0%| F|  |TAMS 0x0000000084d00000, 0x0000000084d00000| Untracked 
|  78|0x0000000084e00000, 0x0000000084e00000, 0x0000000084f00000|  0%| F|  |TAMS 0x0000000084e00000, 0x0000000084e00000| Untracked 
|  79|0x0000000084f00000, 0x0000000084f00000, 0x0000000085000000|  0%| F|  |TAMS 0x0000000084f00000, 0x0000000084f00000| Untracked 
|  80|0x0000000085000000, 0x0000000085000000, 0x0000000085100000|  0%| F|  |TAMS 0x0000000085000000, 0x0000000085000000| Untracked 
|  81|0x0000000085100000, 0x0000000085100000, 0x0000000085200000|  0%| F|  |TAMS 0x0000000085100000, 0x0000000085100000| Untracked 
|  82|0x0000000085200000, 0x0000000085200000, 0x0000000085300000|  0%| F|  |TAMS 0x0000000085200000, 0x0000000085200000| Untracked 
|  83|0x0000000085300000, 0x0000000085300000, 0x0000000085400000|  0%| F|  |TAMS 0x0000000085300000, 0x0000000085300000| Untracked 
|  84|0x0000000085400000, 0x0000000085400000, 0x0000000085500000|  0%| F|  |TAMS 0x0000000085400000, 0x0000000085400000| Untracked 
|  85|0x0000000085500000, 0x0000000085500000, 0x0000000085600000|  0%| F|  |TAMS 0x0000000085500000, 0x0000000085500000| Untracked 
|  86|0x0000000085600000, 0x0000000085600000, 0x0000000085700000|  0%| F|  |TAMS 0x0000000085600000, 0x0000000085600000| Untracked 
|  87|0x0000000085700000, 0x0000000085700000, 0x0000000085800000|  0%| F|  |TAMS 0x0000000085700000, 0x0000000085700000| Untracked 
|  88|0x0000000085800000, 0x0000000085800000, 0x0000000085900000|  0%| F|  |TAMS 0x0000000085800000, 0x0000000085800000| Untracked 
|  89|0x0000000085900000, 0x0000000085900000, 0x0000000085a00000|  0%| F|  |TAMS 0x0000000085900000, 0x0000000085900000| Untracked 
|  90|0x0000000085a00000, 0x0000000085b00000, 0x0000000085b00000|100%| E|  |TAMS 0x0000000085a00000, 0x0000000085a00000| Complete 
|  91|0x0000000085b00000, 0x0000000085c00000, 0x0000000085c00000|100%| E|CS|TAMS 0x0000000085b00000, 0x0000000085b00000| Complete 
|  92|0x0000000085c00000, 0x0000000085d00000, 0x0000000085d00000|100%| E|CS|TAMS 0x0000000085c00000, 0x0000000085c00000| Complete 
|  93|0x0000000085d00000, 0x0000000085e00000, 0x0000000085e00000|100%| E|CS|TAMS 0x0000000085d00000, 0x0000000085d00000| Complete 
|  94|0x0000000085e00000, 0x0000000085f00000, 0x0000000085f00000|100%| E|CS|TAMS 0x0000000085e00000, 0x0000000085e00000| Complete 
|  95|0x0000000085f00000, 0x0000000086000000, 0x0000000086000000|100%| E|CS|TAMS 0x0000000085f00000, 0x0000000085f00000| Complete 
|  96|0x0000000086000000, 0x0000000086100000, 0x0000000086100000|100%| E|CS|TAMS 0x0000000086000000, 0x0000000086000000| Complete 
|  97|0x0000000086100000, 0x0000000086200000, 0x0000000086200000|100%| E|CS|TAMS 0x0000000086100000, 0x0000000086100000| Complete 
|  98|0x0000000086200000, 0x0000000086300000, 0x0000000086300000|100%| E|CS|TAMS 0x0000000086200000, 0x0000000086200000| Complete 
|  99|0x0000000086300000, 0x0000000086400000, 0x0000000086400000|100%| E|CS|TAMS 0x0000000086300000, 0x0000000086300000| Complete 
| 100|0x0000000086400000, 0x0000000086500000, 0x0000000086500000|100%| E|CS|TAMS 0x0000000086400000, 0x0000000086400000| Complete 
| 101|0x0000000086500000, 0x0000000086600000, 0x0000000086600000|100%| E|CS|TAMS 0x0000000086500000, 0x0000000086500000| Complete 
| 102|0x0000000086600000, 0x0000000086700000, 0x0000000086700000|100%| E|CS|TAMS 0x0000000086600000, 0x0000000086600000| Complete 
| 103|0x0000000086700000, 0x0000000086800000, 0x0000000086800000|100%| E|CS|TAMS 0x0000000086700000, 0x0000000086700000| Complete 
| 104|0x0000000086800000, 0x0000000086900000, 0x0000000086900000|100%| E|CS|TAMS 0x0000000086800000, 0x0000000086800000| Complete 
| 105|0x0000000086900000, 0x0000000086a00000, 0x0000000086a00000|100%| E|CS|TAMS 0x0000000086900000, 0x0000000086900000| Complete 
| 106|0x0000000086a00000, 0x0000000086b00000, 0x0000000086b00000|100%| E|CS|TAMS 0x0000000086a00000, 0x0000000086a00000| Complete 
| 107|0x0000000086b00000, 0x0000000086c00000, 0x0000000086c00000|100%| E|CS|TAMS 0x0000000086b00000, 0x0000000086b00000| Complete 
| 108|0x0000000086c00000, 0x0000000086d00000, 0x0000000086d00000|100%| E|CS|TAMS 0x0000000086c00000, 0x0000000086c00000| Complete 
| 109|0x0000000086d00000, 0x0000000086e00000, 0x0000000086e00000|100%| E|CS|TAMS 0x0000000086d00000, 0x0000000086d00000| Complete 
| 110|0x0000000086e00000, 0x0000000086f00000, 0x0000000086f00000|100%| E|CS|TAMS 0x0000000086e00000, 0x0000000086e00000| Complete 
| 111|0x0000000086f00000, 0x0000000087000000, 0x0000000087000000|100%| E|CS|TAMS 0x0000000086f00000, 0x0000000086f00000| Complete 
| 112|0x0000000087000000, 0x0000000087100000, 0x0000000087100000|100%| E|CS|TAMS 0x0000000087000000, 0x0000000087000000| Complete 
| 113|0x0000000087100000, 0x0000000087200000, 0x0000000087200000|100%| E|CS|TAMS 0x0000000087100000, 0x0000000087100000| Complete 
| 114|0x0000000087200000, 0x0000000087300000, 0x0000000087300000|100%| E|CS|TAMS 0x0000000087200000, 0x0000000087200000| Complete 
| 115|0x0000000087300000, 0x0000000087400000, 0x0000000087400000|100%| E|CS|TAMS 0x0000000087300000, 0x0000000087300000| Complete 
| 116|0x0000000087400000, 0x0000000087500000, 0x0000000087500000|100%| E|CS|TAMS 0x0000000087400000, 0x0000000087400000| Complete 
| 117|0x0000000087500000, 0x0000000087600000, 0x0000000087600000|100%| E|CS|TAMS 0x0000000087500000, 0x0000000087500000| Complete 
| 118|0x0000000087600000, 0x0000000087700000, 0x0000000087700000|100%| E|CS|TAMS 0x0000000087600000, 0x0000000087600000| Complete 
| 119|0x0000000087700000, 0x0000000087800000, 0x0000000087800000|100%| E|CS|TAMS 0x0000000087700000, 0x0000000087700000| Complete 
| 120|0x0000000087800000, 0x0000000087900000, 0x0000000087900000|100%| E|CS|TAMS 0x0000000087800000, 0x0000000087800000| Complete 
| 121|0x0000000087900000, 0x0000000087a00000, 0x0000000087a00000|100%| E|CS|TAMS 0x0000000087900000, 0x0000000087900000| Complete 
| 122|0x0000000087a00000, 0x0000000087b00000, 0x0000000087b00000|100%| E|CS|TAMS 0x0000000087a00000, 0x0000000087a00000| Complete 
| 123|0x0000000087b00000, 0x0000000087c00000, 0x0000000087c00000|100%| E|CS|TAMS 0x0000000087b00000, 0x0000000087b00000| Complete 
| 124|0x0000000087c00000, 0x0000000087d00000, 0x0000000087d00000|100%| E|CS|TAMS 0x0000000087c00000, 0x0000000087c00000| Complete 
| 125|0x0000000087d00000, 0x0000000087e00000, 0x0000000087e00000|100%| E|CS|TAMS 0x0000000087d00000, 0x0000000087d00000| Complete 

Card table byte_map: [0x000001abfcaa0000,0x000001abfcea0000] _byte_map_base: 0x000001abfc6a0000

Marking Bits (Prev, Next): (CMBitMap*) 0x000001abe5ceb230, (CMBitMap*) 0x000001abe5ceb1f8
 Prev Bits: [0x000001ab80000000, 0x000001ab82000000)
 Next Bits: [0x000001abfd2a0000, 0x000001abff2a0000)

Polling page: 0x000001abe5480000

Metaspace:

Usage:
  Non-class:     25.04 MB capacity,    24.61 MB ( 98%) used,   368.28 KB (  1%) free+waste,    65.69 KB ( <1%) overhead. 
      Class:      4.08 MB capacity,     3.78 MB ( 93%) used,   274.91 KB (  7%) free+waste,    34.31 KB ( <1%) overhead. 
       Both:     29.12 MB capacity,    28.39 MB ( 98%) used,   643.20 KB (  2%) free+waste,   100.00 KB ( <1%) overhead. 

Virtual space:
  Non-class space:       26.00 MB reserved,      25.17 MB ( 97%) committed 
      Class space:      504.00 MB reserved,       4.20 MB ( <1%) committed 
             Both:      530.00 MB reserved,      29.37 MB (  6%) committed 

Chunk freelists:
   Non-Class:  1.50 KB
       Class:  1.75 KB
        Both:  3.25 KB

CodeHeap 'non-profiled nmethods': size=120000Kb used=1131Kb max_used=1131Kb free=118868Kb
 bounds [0x000001abf4e40000, 0x000001abf50b0000, 0x000001abfc370000]
CodeHeap 'profiled nmethods': size=120000Kb used=5439Kb max_used=5439Kb free=114560Kb
 bounds [0x000001abed910000, 0x000001abede60000, 0x000001abf4e40000]
CodeHeap 'non-nmethods': size=5760Kb used=1167Kb max_used=1203Kb free=4592Kb
 bounds [0x000001abed370000, 0x000001abed5e0000, 0x000001abed910000]
 total_blobs=3059 nmethods=2549 adapters=421
 compilation: enabled
              stopped_count=0, restarted_count=0
 full_count=0

Compilation events (10 events):
Event: 5.499 Thread 0x000001abffcf2800 2562       3       java.lang.invoke.MethodType::changeReturnType (20 bytes)
Event: 5.499 Thread 0x000001abffcf2800 nmethod 2562 0x000001abede56710 code [0x000001abede568c0, 0x000001abede56a68]
Event: 5.503 Thread 0x000001abffcf2800 2563       3       java.io.WinNTFileSystem::resolve (275 bytes)
Event: 5.506 Thread 0x000001abffcf2800 nmethod 2563 0x000001abede56b10 code [0x000001abede57040, 0x000001abede59cf8]
Event: 5.510 Thread 0x000001abffcf2800 2564       3       java.lang.invoke.MethodHandles$Lookup::resolveOrFail (48 bytes)
Event: 5.511 Thread 0x000001abffcf2800 nmethod 2564 0x000001abede5af10 code [0x000001abede5b160, 0x000001abede5b938]
Event: 5.511 Thread 0x000001abffcf2800 2565       3       java.lang.invoke.MethodHandles$Lookup::checkMethodName (43 bytes)
Event: 5.511 Thread 0x000001abffcf2800 nmethod 2565 0x000001abede5bc90 code [0x000001abede5bf00, 0x000001abede5c868]
Event: 5.512 Thread 0x000001abffcf2800 2566       3       java.lang.invoke.ClassSpecializer$SpeciesData::fieldCount (10 bytes)
Event: 5.512 Thread 0x000001abffcf2800 nmethod 2566 0x000001abede5cc10 code [0x000001abede5cdc0, 0x000001abede5cf88]

GC Heap History (8 events):
Event: 0.907 GC heap before
{Heap before GC invocations=0 (full 0):
 garbage-first heap   total 129024K, used 27648K [0x0000000080000000, 0x0000000100000000)
  region size 1024K, 24 young (24576K), 0 survivors (0K)
 Metaspace       used 9904K, capacity 10143K, committed 10368K, reserved 526336K
  class space    used 1030K, capacity 1105K, committed 1152K, reserved 516096K
}
Event: 0.913 GC heap after
{Heap after GC invocations=1 (full 0):
 garbage-first heap   total 129024K, used 10617K [0x0000000080000000, 0x0000000100000000)
  region size 1024K, 3 young (3072K), 3 survivors (3072K)
 Metaspace       used 9904K, capacity 10143K, committed 10368K, reserved 526336K
  class space    used 1030K, capacity 1105K, committed 1152K, reserved 516096K
}
Event: 3.739 GC heap before
{Heap before GC invocations=1 (full 0):
 garbage-first heap   total 129024K, used 85369K [0x0000000080000000, 0x0000000100000000)
  region size 1024K, 75 young (76800K), 3 survivors (3072K)
 Metaspace       used 18132K, capacity 18562K, committed 18688K, reserved 532480K
  class space    used 2133K, capacity 2278K, committed 2304K, reserved 516096K
}
Event: 3.747 GC heap after
{Heap after GC invocations=2 (full 0):
 garbage-first heap   total 129024K, used 17149K [0x0000000080000000, 0x0000000100000000)
  region size 1024K, 10 young (10240K), 10 survivors (10240K)
 Metaspace       used 18132K, capacity 18562K, committed 18688K, reserved 532480K
  class space    used 2133K, capacity 2278K, committed 2304K, reserved 516096K
}
Event: 4.265 GC heap before
{Heap before GC invocations=2 (full 0):
 garbage-first heap   total 129024K, used 37629K [0x0000000080000000, 0x0000000100000000)
  region size 1024K, 31 young (31744K), 10 survivors (10240K)
 Metaspace       used 20735K, capacity 21232K, committed 21296K, reserved 536576K
  class space    used 2516K, capacity 2687K, committed 2688K, reserved 516096K
}
Event: 4.271 GC heap after
{Heap after GC invocations=3 (full 0):
 garbage-first heap   total 129024K, used 18256K [0x0000000080000000, 0x0000000100000000)
  region size 1024K, 2 young (2048K), 2 survivors (2048K)
 Metaspace       used 20735K, capacity 21232K, committed 21296K, reserved 536576K
  class space    used 2516K, capacity 2687K, committed 2688K, reserved 516096K
}
Event: 5.142 GC heap before
{Heap before GC invocations=4 (full 0):
 garbage-first heap   total 129024K, used 77648K [0x0000000080000000, 0x0000000100000000)
  region size 1024K, 60 young (61440K), 2 survivors (2048K)
 Metaspace       used 26120K, capacity 26736K, committed 26876K, reserved 540672K
  class space    used 3416K, capacity 3634K, committed 3660K, reserved 516096K
}
Event: 5.146 GC heap after
{Heap after GC invocations=5 (full 0):
 garbage-first heap   total 129024K, used 20279K [0x0000000080000000, 0x0000000100000000)
  region size 1024K, 4 young (4096K), 4 survivors (4096K)
 Metaspace       used 26120K, capacity 26736K, committed 26876K, reserved 540672K
  class space    used 3416K, capacity 3634K, committed 3660K, reserved 516096K
}

Deoptimization events (10 events):
Event: 4.242 Thread 0x000001ab85752800 Uncommon trap: reason=unstable_if action=reinterpret pc=0x000001abf4e57eb0 method=java.util.regex.Matcher.match(II)Z @ 76 c2
Event: 4.294 Thread 0x000001ab85752800 Uncommon trap: reason=unstable_if action=reinterpret pc=0x000001abf4e5ab30 method=java.io.WinNTFileSystem.resolve(Ljava/lang/String;Ljava/lang/String;)Ljava/lang/String; @ 19 c2
Event: 4.294 Thread 0x000001ab85752800 Uncommon trap: reason=bimorphic_or_optimized_type_check action=maybe_recompile pc=0x000001abf4eb88a4 method=java.util.AbstractList$Itr.hasNext()Z @ 8 c2
Event: 4.294 Thread 0x000001ab85752800 Uncommon trap: reason=bimorphic_or_optimized_type_check action=maybe_recompile pc=0x000001abf4eb8c20 method=java.util.AbstractList$Itr.next()Ljava/lang/Object; @ 14 c2
Event: 4.295 Thread 0x000001ab85752800 Uncommon trap: reason=unstable_if action=reinterpret pc=0x000001abf4eb2b04 method=java.io.File.getName()Ljava/lang/String; @ 16 c2
Event: 4.295 Thread 0x000001ab85752800 Uncommon trap: reason=unstable_if action=reinterpret pc=0x000001abf4eb0914 method=java.lang.String.substring(I)Ljava/lang/String; @ 34 c2
Event: 4.342 Thread 0x000001ab85752800 Uncommon trap: reason=intrinsic_or_type_checked_inlining action=make_not_entrant pc=0x000001abf4f26c58 method=java.util.Arrays.copyOf([Ljava/lang/Object;ILjava/lang/Class;)[Ljava/lang/Object; @ 35 c2
Event: 4.944 Thread 0x000001ab85752800 Uncommon trap: reason=unstable_if action=reinterpret pc=0x000001abf4f0d5d0 method=java.util.HashMap.hash(Ljava/lang/Object;)I @ 1 c2
Event: 5.447 Thread 0x000001ab85752800 Uncommon trap: reason=unstable_if action=reinterpret pc=0x000001abf4f134ac method=java.util.HashMap.hash(Ljava/lang/Object;)I @ 1 c2
Event: 5.447 Thread 0x000001ab85752800 Uncommon trap: reason=unstable_if action=reinterpret pc=0x000001abf4e5622c method=java.util.HashMap.hash(Ljava/lang/Object;)I @ 1 c2

Classes redefined (0 events):
No events

Internal exceptions (10 events):
Event: 5.147 Thread 0x000001ab85752800 Exception <a 'java/lang/NoSuchMethodError'{0x0000000087d10330}: java.lang.invoke.DirectMethodHandle$Holder.invokeVirtual(Ljava/lang/Object;Ljava/lang/Object;)I> (0x0000000087d10330) thrown at [./open/src/hotspot/share/interpreter/linkResolver.cpp, line 77
Event: 5.154 Thread 0x000001ab85752800 Exception <a 'java/lang/NoSuchMethodError'{0x0000000087d4e450}: java.lang.invoke.DirectMethodHandle$Holder.invokeVirtual(Ljava/lang/Object;Ljava/lang/Object;Ljava/lang/Object;)I> (0x0000000087d4e450) thrown at [./open/src/hotspot/share/interpreter/linkRes
Event: 5.345 Thread 0x000001ab85752800 Exception <a 'java/lang/NoSuchMethodError'{0x0000000086cf74b0}: java.lang.invoke.DirectMethodHandle$Holder.invokeSpecialIFC(Ljava/lang/Object;Ljava/lang/Object;Ljava/lang/Object;Ljava/lang/Object;)Ljava/lang/Object;> (0x0000000086cf74b0) thrown at [./open
Event: 5.447 Thread 0x000001ab85752800 Implicit null exception at 0x000001abf4f132d5 to 0x000001abf4f1349c
Event: 5.447 Thread 0x000001ab85752800 Implicit null exception at 0x000001abf4e561af to 0x000001abf4e5621d
Event: 5.490 Thread 0x000001ab85752800 Exception <a 'java/lang/NoSuchMethodError'{0x000000008604ec40}: java.lang.invoke.DirectMethodHandle$Holder.invokeSpecial(Ljava/lang/Object;Ljava/lang/Object;Ljava/lang/Object;Ljava/lang/Object;Ljava/lang/Object;Ljava/lang/Object;Ljava/lang/Object;Ljava/la
Event: 5.491 Thread 0x000001ab85752800 Exception <a 'java/lang/NoSuchMethodError'{0x000000008605f530}: java.lang.invoke.Invokers$Holder.linkToTargetMethod(Ljava/lang/Object;Ljava/lang/Object;Ljava/lang/Object;Ljava/lang/Object;Ljava/lang/Object;Ljava/lang/Object;Ljava/lang/Object;Ljava/lang/Ob
Event: 5.497 Thread 0x000001ab85752800 Exception <a 'java/lang/NoSuchMethodError'{0x0000000085f05fc0}: java.lang.invoke.DirectMethodHandle$Holder.invokeSpecial(Ljava/lang/Object;Ljava/lang/Object;Ljava/lang/Object;Ljava/lang/Object;Ljava/lang/Object;Ljava/lang/Object;Ljava/lang/Object;Ljava/la
Event: 5.498 Thread 0x000001ab85752800 Exception <a 'java/lang/NoSuchMethodError'{0x0000000085f17828}: java.lang.invoke.Invokers$Holder.linkToTargetMethod(Ljava/lang/Object;Ljava/lang/Object;Ljava/lang/Object;Ljava/lang/Object;Ljava/lang/Object;Ljava/lang/Object;Ljava/lang/Object;Ljava/lang/Ob
Event: 5.511 Thread 0x000001ab85752800 Exception <a 'java/lang/NoSuchMethodError'{0x0000000085e0e918}: java.lang.invoke.DirectMethodHandle$Holder.invokeStaticInit(Ljava/lang/Object;Ljava/lang/Object;Ljava/lang/Object;Ljava/lang/Object;)Ljava/lang/Object;> (0x0000000085e0e918) thrown at [./open

Events (10 events):
Event: 5.511 loading class org/gradle/api/artifacts/ResolutionStrategy
Event: 5.511 loading class org/gradle/api/artifacts/ResolutionStrategy done
Event: 5.511 loading class org/gradle/api/internal/artifacts/ivyservice/ivyresolve/ModuleComponentRepository
Event: 5.511 loading class org/gradle/api/internal/artifacts/ivyservice/ivyresolve/ModuleComponentRepository done
Event: 5.511 loading class org/gradle/api/internal/artifacts/ivyservice/ivyresolve/verification/DependencyVerificationOverride
Event: 5.511 loading class org/gradle/api/internal/artifacts/ivyservice/ivyresolve/verification/DependencyVerificationOverride done
Event: 5.512 loading class org/gradle/api/internal/artifacts/DependencyManagementBuildScopeServices$3
Event: 5.512 loading class org/gradle/api/internal/artifacts/DependencyManagementBuildScopeServices$3 done
Event: 5.512 loading class org/gradle/api/internal/artifacts/ivyservice/ivyresolve/ConnectionFailureRepositoryDisabler
Event: 5.512 loading class org/gradle/api/internal/artifacts/ivyservice/ivyresolve/ConnectionFailureRepositoryDisabler done


Dynamic libraries:
0x00007ff741a30000 - 0x00007ff741a3f000 	C:\Program Files\Java\jdk-11.0.17\bin\java.exe
0x00007ffb75fd0000 - 0x00007ffb761e5000 	C:\WINDOWS\SYSTEM32\ntdll.dll
0x00007ffb75be0000 - 0x00007ffb75ca4000 	C:\WINDOWS\System32\KERNEL32.DLL
0x00007ffb73390000 - 0x00007ffb73734000 	C:\WINDOWS\System32\KERNELBASE.dll
0x00007ffb73bd0000 - 0x00007ffb73ce1000 	C:\WINDOWS\System32\ucrtbase.dll
0x00007ffb45d10000 - 0x00007ffb45d25000 	C:\Program Files\Java\jdk-11.0.17\bin\VCRUNTIME140.dll
0x00007ffb45be0000 - 0x00007ffb45bf8000 	C:\Program Files\Java\jdk-11.0.17\bin\jli.dll
0x00007ffb75ee0000 - 0x00007ffb75f8e000 	C:\WINDOWS\System32\ADVAPI32.dll
0x00007ffb75b30000 - 0x00007ffb75bd7000 	C:\WINDOWS\System32\msvcrt.dll
0x00007ffb758a0000 - 0x00007ffb75944000 	C:\WINDOWS\System32\sechost.dll
0x00007ffb741c0000 - 0x00007ffb742d7000 	C:\WINDOWS\System32\RPCRT4.dll
0x00007ffb75d30000 - 0x00007ffb75edb000 	C:\WINDOWS\System32\USER32.dll
0x00007ffb739e0000 - 0x00007ffb73a06000 	C:\WINDOWS\System32\win32u.dll
0x00007ffb75100000 - 0x00007ffb75129000 	C:\WINDOWS\System32\GDI32.dll
0x00007ffb73a10000 - 0x00007ffb73b29000 	C:\WINDOWS\System32\gdi32full.dll
0x00007ffb73b30000 - 0x00007ffb73bca000 	C:\WINDOWS\System32\msvcp_win.dll
0x00007ffb63ee0000 - 0x00007ffb6416f000 	C:\WINDOWS\WinSxS\amd64_microsoft.windows.common-controls_6595b64144ccf1df_6.0.23481.1000_none_ea968b5019ed8007\COMCTL32.dll
0x00007ffb6b600000 - 0x00007ffb6b60a000 	C:\WINDOWS\SYSTEM32\VERSION.dll
0x00007ffb74bb0000 - 0x00007ffb74be1000 	C:\WINDOWS\System32\IMM32.DLL
0x00007ffae9180000 - 0x00007ffae921b000 	C:\Program Files\Java\jdk-11.0.17\bin\msvcp140.dll
0x00007ffa8d5e0000 - 0x00007ffa8e0fa000 	C:\Program Files\Java\jdk-11.0.17\bin\server\jvm.dll
0x00007ffb74ba0000 - 0x00007ffb74ba8000 	C:\WINDOWS\System32\PSAPI.DLL
0x00007ffb61110000 - 0x00007ffb61119000 	C:\WINDOWS\SYSTEM32\WSOCK32.dll
0x00007ffb6d110000 - 0x00007ffb6d144000 	C:\WINDOWS\SYSTEM32\WINMM.dll
0x00007ffb752d0000 - 0x00007ffb75341000 	C:\WINDOWS\System32\WS2_32.dll
0x00007ffb723e0000 - 0x00007ffb723f8000 	C:\WINDOWS\SYSTEM32\kernel.appcore.dll
0x00007ffb647e0000 - 0x00007ffb647f0000 	C:\Program Files\Java\jdk-11.0.17\bin\verify.dll
0x00007ffb57cd0000 - 0x00007ffb57efe000 	C:\WINDOWS\SYSTEM32\DBGHELP.DLL
0x00007ffb75400000 - 0x00007ffb7578a000 	C:\WINDOWS\System32\combase.dll
0x00007ffb75a50000 - 0x00007ffb75b27000 	C:\WINDOWS\System32\OLEAUT32.dll
0x00007ffb57c90000 - 0x00007ffb57cc2000 	C:\WINDOWS\SYSTEM32\dbgcore.DLL
0x00007ffb73cf0000 - 0x00007ffb73d6b000 	C:\WINDOWS\System32\bcryptPrimitives.dll
0x00007ffb2b5b0000 - 0x00007ffb2b5d8000 	C:\Program Files\Java\jdk-11.0.17\bin\java.dll
0x00007ffb5f400000 - 0x00007ffb5f40a000 	C:\Program Files\Java\jdk-11.0.17\bin\jimage.dll
0x00007ffb39730000 - 0x00007ffb39746000 	C:\Program Files\Java\jdk-11.0.17\bin\zip.dll
0x00007ffb74350000 - 0x00007ffb74b75000 	C:\WINDOWS\System32\SHELL32.dll
0x00007ffb71360000 - 0x00007ffb71c51000 	C:\WINDOWS\SYSTEM32\windows.storage.dll
0x00007ffb71220000 - 0x00007ffb7135e000 	C:\WINDOWS\SYSTEM32\wintypes.dll
0x00007ffb757a0000 - 0x00007ffb75893000 	C:\WINDOWS\System32\SHCORE.dll
0x00007ffb73fa0000 - 0x00007ffb73ffe000 	C:\WINDOWS\System32\shlwapi.dll
0x00007ffb732c0000 - 0x00007ffb732e1000 	C:\WINDOWS\SYSTEM32\profapi.dll
0x00007ffb39700000 - 0x00007ffb39719000 	C:\Program Files\Java\jdk-11.0.17\bin\net.dll
0x00007ffb6cd80000 - 0x00007ffb6ceb7000 	C:\WINDOWS\SYSTEM32\WINHTTP.dll
0x00007ffb72850000 - 0x00007ffb728b9000 	C:\WINDOWS\system32\mswsock.dll
0x00007ffb38a20000 - 0x00007ffb38a32000 	C:\Program Files\Java\jdk-11.0.17\bin\nio.dll
0x00007ffae6220000 - 0x00007ffae6247000 	C:\Users\devvu\.gradle\native\68d5fa5c4cc2d200863cafc0d521ce42e7d3e7ee720ec0a83991735586a16f82\windows-amd64\native-platform.dll
0x00007ffaadd30000 - 0x00007ffaade74000 	C:\Users\devvu\.gradle\native\e376f236ea51e6404a007f0833ffe2c6e607c4080706a723a18a27aeea778392\windows-amd64\native-platform-file-events.dll
0x00007ffb5dde0000 - 0x00007ffb5dde9000 	C:\Program Files\Java\jdk-11.0.17\bin\management.dll
0x00007ffb49590000 - 0x00007ffb4959b000 	C:\Program Files\Java\jdk-11.0.17\bin\management_ext.dll
0x00007ffb72ab0000 - 0x00007ffb72acb000 	C:\WINDOWS\SYSTEM32\CRYPTSP.dll
0x00007ffb72350000 - 0x00007ffb72385000 	C:\WINDOWS\system32\rsaenh.dll
0x00007ffb72950000 - 0x00007ffb72978000 	C:\WINDOWS\SYSTEM32\USERENV.dll
0x00007ffb72c70000 - 0x00007ffb72c98000 	C:\WINDOWS\SYSTEM32\bcrypt.dll
0x00007ffb72ad0000 - 0x00007ffb72adc000 	C:\WINDOWS\SYSTEM32\CRYPTBASE.dll
0x00007ffb71ec0000 - 0x00007ffb71eed000 	C:\WINDOWS\SYSTEM32\IPHLPAPI.DLL
0x00007ffb74b80000 - 0x00007ffb74b89000 	C:\WINDOWS\System32\NSI.dll
0x00007ffb6d0e0000 - 0x00007ffb6d0f9000 	C:\WINDOWS\SYSTEM32\dhcpcsvc6.DLL
0x00007ffb6d090000 - 0x00007ffb6d0af000 	C:\WINDOWS\SYSTEM32\dhcpcsvc.DLL
0x00007ffb71f30000 - 0x00007ffb72023000 	C:\WINDOWS\SYSTEM32\DNSAPI.dll

dbghelp: loaded successfully - version: 4.0.5 - missing functions: none
symbol engine: initialized successfully - sym options: 0x614 - pdb path: .;C:\Program Files\Java\jdk-11.0.17\bin;C:\WINDOWS\SYSTEM32;C:\WINDOWS\WinSxS\amd64_microsoft.windows.common-controls_6595b64144ccf1df_6.0.23481.1000_none_ea968b5019ed8007;C:\Program Files\Java\jdk-11.0.17\bin\server;C:\Users\devvu\.gradle\native\68d5fa5c4cc2d200863cafc0d521ce42e7d3e7ee720ec0a83991735586a16f82\windows-amd64;C:\Users\devvu\.gradle\native\e376f236ea51e6404a007f0833ffe2c6e607c4080706a723a18a27aeea778392\windows-amd64

VM Arguments:
jvm_args: -XX:MaxMetaspaceSize=512m --add-opens=java.base/java.util=ALL-UNNAMED --add-opens=java.base/java.lang=ALL-UNNAMED --add-opens=java.base/java.lang.invoke=ALL-UNNAMED --add-opens=java.prefs/java.util.prefs=ALL-UNNAMED --add-opens=java.base/java.nio.charset=ALL-UNNAMED --add-opens=java.base/java.net=ALL-UNNAMED --add-opens=java.base/java.util.concurrent.atomic=ALL-UNNAMED -Xmx2048m -Dfile.encoding=windows-1252 -Duser.country=FR -Duser.language=fr -Duser.variant 
java_command: org.gradle.launcher.daemon.bootstrap.GradleDaemon 8.0.1
java_class_path (initial): C:\Users\devvu\.gradle\wrapper\dists\gradle-8.0.1-all\aro4hu1c3oeioove7l0i4i14o\gradle-8.0.1\lib\gradle-launcher-8.0.1.jar
Launcher Type: SUN_STANDARD

[Global flags]
     intx CICompilerCount                          = 4                                         {product} {ergonomic}
   size_t CompressedClassSpaceSize                 = 528482304                                 {product} {ergonomic}
     uint ConcGCThreads                            = 2                                         {product} {ergonomic}
     uint G1ConcRefinementThreads                  = 8                                         {product} {ergonomic}
   size_t G1HeapRegionSize                         = 1048576                                   {product} {ergonomic}
    uintx GCDrainStackTargetSize                   = 64                                        {product} {ergonomic}
   size_t InitialHeapSize                          = 132120576                                 {product} {ergonomic}
   size_t MarkStackSize                            = 4194304                                   {product} {ergonomic}
   size_t MaxHeapSize                              = 2147483648                                {product} {command line}
   size_t MaxMetaspaceSize                         = 536870912                                 {product} {command line}
   size_t MaxNewSize                               = 1287651328                                {product} {ergonomic}
   size_t MinHeapDeltaBytes                        = 1048576                                   {product} {ergonomic}
    uintx NonNMethodCodeHeapSize                   = 5836300                                {pd product} {ergonomic}
    uintx NonProfiledCodeHeapSize                  = 122910970                              {pd product} {ergonomic}
    uintx ProfiledCodeHeapSize                     = 122910970                              {pd product} {ergonomic}
    uintx ReservedCodeCacheSize                    = 251658240                              {pd product} {ergonomic}
     bool SegmentedCodeCache                       = true                                      {product} {ergonomic}
     bool UseCompressedClassPointers               = true                                 {lp64_product} {ergonomic}
     bool UseCompressedOops                        = true                                 {lp64_product} {ergonomic}
     bool UseG1GC                                  = true                                      {product} {ergonomic}
     bool UseLargePagesIndividualAllocation        = false                                  {pd product} {ergonomic}

Logging:
Log output configuration:
 #0: stdout all=warning uptime,level,tags
 #1: stderr all=off uptime,level,tags

Environment Variables:
CLASSPATH=D:\VsReactNative\nyukitechnologie\android\\gradle\wrapper\gradle-wrapper.jar
PATH=D:\VsReactNative\nyukitechnologie\node_modules\.bin;D:\VsReactNative\nyukitechnologie\node_modules\.bin;D:\VsReactNative\node_modules\.bin;D:\node_modules\.bin;C:\Users\devvu\AppData\Roaming\npm\node_modules\npm\node_modules\@npmcli\run-script\lib\node-gyp-bin;D:\VsReactNative\nyukitechnologie\node_modules\.bin;D:\VsReactNative\nyukitechnologie\node_modules\.bin;D:\VsReactNative\node_modules\.bin;D:\node_modules\.bin;C:\Users\devvu\AppData\Roaming\npm\node_modules\npm\node_modules\@npmcli\run-script\lib\node-gyp-bin;C:\Program Files\Common Files\Oracle\Java\javapath;C:\Program Files (x86)\Common Files\Oracle\Java\javapath;C:\WINDOWS\system32;C:\WINDOWS;C:\WINDOWS\System32\Wbem;C:\WINDOWS\System32\WindowsPowerShell\v1.0\;C:\WINDOWS\System32\OpenSSH\;C:\Program Files\Intel\WiFi\bin\;C:\Program Files\Common Files\Intel\WirelessCommon\;C:\Program Files\nodejs\;C:\Program Files\Git\cmd;C:\Users\devvu\AppData\Local\Android\Sdk\platform-tools;C:\Users\devvu\AppData\Local\Android\Sdk\;C:\Program Files\Java\jdk-11.0.17;C:\laragon\bin\php\php-7-4;C:\composer;C:\laragon\bin;C:\laragon\bin\apache\httpd-2.4.54-win64-VS16\bin;C:\laragon\bin\composer;C:\laragon\bin\git\bin;C:\laragon\bin\git\cmd;C:\laragon\bin\git\mingw64\bin;C:\laragon\bin\git\usr\bin;C:\laragon\bin\laragon\utils;C:\laragon\bin\mysql\mysql-8.0.30-winx64\bin;C:\laragon\bin\nginx\nginx-1.22.0;C:\laragon\bin\ngrok;C:\laragon\bin\nodejs\node-v18;C:\laragon\bin\notepad++;C:\laragon\bin\php\php-7-4;C:\laragon\bin\python\python-3.10;C:\laragon\bin\python\python-3.10\Scripts;C:\laragon\bin\redis\redis-x64-5.0.14.1;C:\laragon\bin\telnet;C:\laragon\usr\bin;C:\Users\devvu\AppData\Local\Yarn\config\global\node_modules\.bin;C:\Users\devvu\AppData\Roaming\Composer\vendor\bin;C:\Users\devvu\AppData\Roaming\npm;C:\Users\devvu\AppData\Local\Microsoft\WindowsApps;C:\Users\devvu\AppData\Local\Programs\Microsoft VS Code\bin;C:\Users\devvu\AppData\Local\Android\Sdk\;C:\Users\devvu\AppData\Local\Android\Sdk\build-tools;C:\Users\devv
USERNAME=devvu
OS=Windows_NT
PROCESSOR_IDENTIFIER=Intel64 Family 6 Model 142 Stepping 12, GenuineIntel



---------------  S Y S T E M  ---------------

OS: Windows 11 , 64 bit Build 23481 (10.0.23481.1000)

CPU:total 8 (initial active 8) (4 cores per cpu, 2 threads per core) family 6 model 142 stepping 12 microcode 0xf0, cmov, cx8, fxsr, mmx, sse, sse2, sse3, ssse3, sse4.1, sse4.2, popcnt, avx, avx2, aes, clmul, erms, 3dnowpref, lzcnt, ht, tsc, tscinvbit, bmi1, bmi2, adx, fma

Memory: 4k page, system-wide physical 7971M (275M free)
TotalPageFile size 25536M (AvailPageFile size 2M)
current process WorkingSet (physical memory assigned to process): 208M, peak: 213M
current process commit charge ("private bytes"): 277M, peak: 282M

vm_info: Java HotSpot(TM) 64-Bit Server VM (11.0.17+10-LTS-269) for windows-amd64 JRE (11.0.17+10-LTS-269), built on Sep 13 2022 19:26:37 by "mach5one" with MS VC++ 15.9 (VS2017)

END.
