#
# There is insufficient memory for the Java Runtime Environment to continue.
# Native memory allocation (malloc) failed to allocate 57296 bytes for Chunk::new
# Possible reasons:
#   The system is out of physical RAM or swap space
#   The process is running with CompressedOops enabled, and the Java Heap may be blocking the growth of the native heap
# Possible solutions:
#   Reduce memory load on the system
#   Increase physical memory or swap space
#   Check if swap backing store is full
#   Decrease Java heap size (-Xmx/-Xms)
#   Decrease number of Java threads
#   Decrease Java thread stack sizes (-Xss)
#   Set larger code cache with -XX:ReservedCodeCacheSize=
#   JVM is running with Unscaled Compressed Oops mode in which the Java heap is
#     placed in the first 4GB address space. The Java Heap base address is the
#     maximum limit for the native heap growth. Please use -XX:HeapBaseMinAddress
#     to set the Java Heap base and to place the Java Heap above 4GB virtual address.
# This output file may be truncated or incomplete.
#
#  Out of Memory Error (./open/src/hotspot/share/memory/arena.cpp:197), pid=5412, tid=16148
#
# JRE version: Java(TM) SE Runtime Environment 18.9 (11.0.17+10) (build 11.0.17+10-LTS-269)
# Java VM: Java HotSpot(TM) 64-Bit Server VM 18.9 (11.0.17+10-LTS-269, mixed mode, tiered, compressed oops, g1 gc, windows-amd64)
# No core dump will be written. Minidumps are not enabled by default on client versions of Windows
#

---------------  S U M M A R Y ------------

Command Line: -XX:MaxMetaspaceSize=512m --add-opens=java.base/java.util=ALL-UNNAMED --add-opens=java.base/java.lang=ALL-UNNAMED --add-opens=java.base/java.lang.invoke=ALL-UNNAMED --add-opens=java.prefs/java.util.prefs=ALL-UNNAMED --add-opens=java.base/java.nio.charset=ALL-UNNAMED --add-opens=java.base/java.net=ALL-UNNAMED --add-opens=java.base/java.util.concurrent.atomic=ALL-UNNAMED -Xmx2048m -Dfile.encoding=windows-1252 -Duser.country=FR -Duser.language=fr -Duser.variant org.gradle.launcher.daemon.bootstrap.GradleDaemon 8.0.1

Host: Intel(R) Core(TM) i5-8265U CPU @ 1.60GHz, 8 cores, 7G,  Windows 11 , 64 bit Build 23481 (10.0.23481.1000)
Time: Mon Jun 26 14:24:02 2023 Afrique du Sud elapsed time: 22.920396 seconds (0d 0h 0m 22s)

---------------  T H R E A D  ---------------

Current thread (0x0000022bba5e9800):  JavaThread "C2 CompilerThread1" daemon [_thread_in_native, id=16148, stack(0x000000fe28f00000,0x000000fe29000000)]


Current CompileTask:
C2:  22920 2374       4       java.lang.AbstractStringBuilder::appendChars (130 bytes)

Stack: [0x000000fe28f00000,0x000000fe29000000]
Native frames: (J=compiled Java code, j=interpreted, Vv=VM code, C=native code)
V  [jvm.dll+0x62b5da]
V  [jvm.dll+0x7653df]
V  [jvm.dll+0x766a89]
V  [jvm.dll+0x767113]
V  [jvm.dll+0x23dd28]
V  [jvm.dll+0xb2a1c]
V  [jvm.dll+0xb2fdc]
V  [jvm.dll+0x341597]
V  [jvm.dll+0x30ef13]
V  [jvm.dll+0x30e25a]
V  [jvm.dll+0x1f8733]
V  [jvm.dll+0x1f78fd]
V  [jvm.dll+0x177c91]
V  [jvm.dll+0x207296]
V  [jvm.dll+0x20542b]
V  [jvm.dll+0x72b2c0]
V  [jvm.dll+0x723e64]
V  [jvm.dll+0x62a485]
C  [ucrtbase.dll+0x29363]
C  [KERNEL32.DLL+0x126ad]
C  [ntdll.dll+0x5aa08]


---------------  P R O C E S S  ---------------

Threads class SMR info:
_java_thread_list=0x0000022bbae55e30, length=24, elements={
0x0000022b9957b000, 0x0000022bb75a1800, 0x0000022bb75a4000, 0x0000022bb75bc000,
0x0000022bb75bd000, 0x0000022bb75bf000, 0x0000022bb75c4000, 0x0000022bb75c7800,
0x0000022bb7f9e800, 0x0000022bb80a8800, 0x0000022bba0cd000, 0x0000022bb9201000,
0x0000022bb9f4f000, 0x0000022bb9f4e000, 0x0000022bba451000, 0x0000022bb99de800,
0x0000022bb8f96000, 0x0000022bb94a4000, 0x0000022bb8ee8000, 0x0000022bb8410800,
0x0000022bb840e800, 0x0000022bb840e000, 0x0000022bb840a800, 0x0000022bba5e9800
}

Java Threads: ( => current thread )
  0x0000022b9957b000 JavaThread "main" [_thread_blocked, id=23224, stack(0x000000fe26900000,0x000000fe26a00000)]
  0x0000022bb75a1800 JavaThread "Reference Handler" daemon [_thread_blocked, id=4512, stack(0x000000fe27000000,0x000000fe27100000)]
  0x0000022bb75a4000 JavaThread "Finalizer" daemon [_thread_blocked, id=19168, stack(0x000000fe27100000,0x000000fe27200000)]
  0x0000022bb75bc000 JavaThread "Signal Dispatcher" daemon [_thread_blocked, id=26312, stack(0x000000fe27200000,0x000000fe27300000)]
  0x0000022bb75bd000 JavaThread "Attach Listener" daemon [_thread_blocked, id=9704, stack(0x000000fe27300000,0x000000fe27400000)]
  0x0000022bb75bf000 JavaThread "Service Thread" daemon [_thread_blocked, id=29588, stack(0x000000fe27400000,0x000000fe27500000)]
  0x0000022bb75c4000 JavaThread "C2 CompilerThread0" daemon [_thread_in_native, id=25476, stack(0x000000fe27500000,0x000000fe27600000)]
  0x0000022bb75c7800 JavaThread "C1 CompilerThread0" daemon [_thread_blocked, id=23888, stack(0x000000fe27600000,0x000000fe27700000)]
  0x0000022bb7f9e800 JavaThread "Sweeper thread" daemon [_thread_blocked, id=9484, stack(0x000000fe27700000,0x000000fe27800000)]
  0x0000022bb80a8800 JavaThread "Common-Cleaner" daemon [_thread_blocked, id=20088, stack(0x000000fe27800000,0x000000fe27900000)]
  0x0000022bba0cd000 JavaThread "Daemon health stats" [_thread_blocked, id=16212, stack(0x000000fe27c00000,0x000000fe27d00000)]
  0x0000022bb9201000 JavaThread "Incoming local TCP Connector on port 49313" [_thread_in_native, id=10400, stack(0x000000fe27d00000,0x000000fe27e00000)]
  0x0000022bb9f4f000 JavaThread "Daemon periodic checks" [_thread_blocked, id=3320, stack(0x000000fe27e00000,0x000000fe27f00000)]
  0x0000022bb9f4e000 JavaThread "Daemon" [_thread_blocked, id=7972, stack(0x000000fe27f00000,0x000000fe28000000)]
  0x0000022bba451000 JavaThread "Handler for socket connection from /127.0.0.1:49313 to /127.0.0.1:49316" [_thread_in_native, id=27820, stack(0x000000fe28000000,0x000000fe28100000)]
  0x0000022bb99de800 JavaThread "Cancel handler" [_thread_blocked, id=28144, stack(0x000000fe28100000,0x000000fe28200000)]
  0x0000022bb8f96000 JavaThread "Daemon worker" [_thread_in_native, id=11060, stack(0x000000fe28200000,0x000000fe28300000)]
  0x0000022bb94a4000 JavaThread "Asynchronous log dispatcher for DefaultDaemonConnection: socket connection from /127.0.0.1:49313 to /127.0.0.1:49316" [_thread_blocked, id=16368, stack(0x000000fe28300000,0x000000fe28400000)]
  0x0000022bb8ee8000 JavaThread "Stdin handler" [_thread_blocked, id=19164, stack(0x000000fe28400000,0x000000fe28500000)]
  0x0000022bb8410800 JavaThread "Daemon client event forwarder" [_thread_blocked, id=29136, stack(0x000000fe28500000,0x000000fe28600000)]
  0x0000022bb840e800 JavaThread "Cache worker for journal cache (C:\Users\devvu\.gradle\caches\journal-1)" [_thread_blocked, id=19960, stack(0x000000fe28b00000,0x000000fe28c00000)]
  0x0000022bb840e000 JavaThread "File lock request listener" [_thread_in_native, id=15368, stack(0x000000fe28c00000,0x000000fe28d00000)]
  0x0000022bb840a800 JavaThread "Cache worker for file hash cache (C:\Users\devvu\.gradle\caches\8.0.1\fileHashes)" [_thread_blocked, id=29660, stack(0x000000fe28e00000,0x000000fe28f00000)]
=>0x0000022bba5e9800 JavaThread "C2 CompilerThread1" daemon [_thread_in_native, id=16148, stack(0x000000fe28f00000,0x000000fe29000000)]

Other Threads:
  0x0000022bb759d800 VMThread "VM Thread" [stack: 0x000000fe26f00000,0x000000fe27000000] [id=19840]
  0x0000022bb80e3000 WatcherThread [stack: 0x000000fe27900000,0x000000fe27a00000] [id=14744]
  0x0000022b99591000 GCTaskThread "GC Thread#0" [stack: 0x000000fe26a00000,0x000000fe26b00000] [id=17468]
  0x0000022bb8bce000 GCTaskThread "GC Thread#1" [stack: 0x000000fe27a00000,0x000000fe27b00000] [id=17828]
  0x0000022bb8aef800 GCTaskThread "GC Thread#2" [stack: 0x000000fe27b00000,0x000000fe27c00000] [id=26800]
  0x0000022bb8f9a800 GCTaskThread "GC Thread#3" [stack: 0x000000fe28600000,0x000000fe28700000] [id=9356]
  0x0000022bb9ad2000 GCTaskThread "GC Thread#4" [stack: 0x000000fe28700000,0x000000fe28800000] [id=17888]
  0x0000022bba0c4000 GCTaskThread "GC Thread#5" [stack: 0x000000fe28800000,0x000000fe28900000] [id=16060]
  0x0000022bb8cd9800 GCTaskThread "GC Thread#6" [stack: 0x000000fe28900000,0x000000fe28a00000] [id=24196]
  0x0000022bb8509000 GCTaskThread "GC Thread#7" [stack: 0x000000fe28a00000,0x000000fe28b00000] [id=16848]
  0x0000022b995c9800 ConcurrentGCThread "G1 Main Marker" [stack: 0x000000fe26b00000,0x000000fe26c00000] [id=8428]
  0x0000022b995cb800 ConcurrentGCThread "G1 Conc#0" [stack: 0x000000fe26c00000,0x000000fe26d00000] [id=27372]
  0x0000022bb943c800 ConcurrentGCThread "G1 Conc#1" [stack: 0x000000fe28d00000,0x000000fe28e00000] [id=17056]
  0x0000022bb7410800 ConcurrentGCThread "G1 Refine#0" [stack: 0x000000fe26d00000,0x000000fe26e00000] [id=8796]
  0x0000022bb7411800 ConcurrentGCThread "G1 Young RemSet Sampling" [stack: 0x000000fe26e00000,0x000000fe26f00000] [id=27444]

Threads with active compile tasks:
C2 CompilerThread0    23010 2393 %     4       sun.nio.cs.UTF_8$Decoder::decodeArrayLoop @ 73 (691 bytes)
C2 CompilerThread1    23010 2374       4       java.lang.AbstractStringBuilder::appendChars (130 bytes)

VM state:not at safepoint (normal execution)

VM Mutex/Monitor currently owned by a thread: None

Heap address: 0x0000000080000000, size: 2048 MB, Compressed Oops mode: 32-bit
Narrow klass base: 0x0000000000000000, Narrow klass shift: 3
Compressed class space size: 528482304 Address: 0x0000000100000000

Heap:
 garbage-first heap   total 129024K, used 25109K [0x0000000080000000, 0x0000000100000000)
  region size 1024K, 9 young (9216K), 3 survivors (3072K)
 Metaspace       used 25171K, capacity 25799K, committed 25980K, reserved 538624K
  class space    used 3256K, capacity 3452K, committed 3532K, reserved 516096K
Heap Regions: E=young(eden), S=young(survivor), O=old, HS=humongous(starts), HC=humongous(continues), CS=collection set, F=free, A=archive, TAMS=top-at-mark-start (previous, next)
|   0|0x0000000080000000, 0x0000000080100000, 0x0000000080100000|100%|HS|  |TAMS 0x0000000080100000, 0x0000000080000000| Complete 
|   1|0x0000000080100000, 0x0000000080200000, 0x0000000080200000|100%|HC|  |TAMS 0x0000000080200000, 0x0000000080100000| Complete 
|   2|0x0000000080200000, 0x0000000080300000, 0x0000000080300000|100%|HC|  |TAMS 0x0000000080300000, 0x0000000080200000| Complete 
|   3|0x0000000080300000, 0x0000000080400000, 0x0000000080400000|100%|HC|  |TAMS 0x0000000080400000, 0x0000000080300000| Complete 
|   4|0x0000000080400000, 0x0000000080500000, 0x0000000080500000|100%| O|  |TAMS 0x0000000080500000, 0x0000000080400000| Untracked 
|   5|0x0000000080500000, 0x0000000080600000, 0x0000000080600000|100%| O|  |TAMS 0x0000000080600000, 0x0000000080500000| Untracked 
|   6|0x0000000080600000, 0x0000000080700000, 0x0000000080700000|100%| O|  |TAMS 0x0000000080700000, 0x0000000080600000| Untracked 
|   7|0x0000000080700000, 0x0000000080800000, 0x0000000080800000|100%| O|  |TAMS 0x0000000080800000, 0x0000000080700000| Untracked 
|   8|0x0000000080800000, 0x0000000080900000, 0x0000000080900000|100%| O|  |TAMS 0x0000000080900000, 0x0000000080800000| Untracked 
|   9|0x0000000080900000, 0x0000000080a00000, 0x0000000080a00000|100%| O|  |TAMS 0x0000000080a00000, 0x0000000080900000| Untracked 
|  10|0x0000000080a00000, 0x0000000080b00000, 0x0000000080b00000|100%| O|  |TAMS 0x0000000080b00000, 0x0000000080a00000| Untracked 
|  11|0x0000000080b00000, 0x0000000080c00000, 0x0000000080c00000|100%| O|  |TAMS 0x0000000080c00000, 0x0000000080b00000| Untracked 
|  12|0x0000000080c00000, 0x0000000080d00000, 0x0000000080d00000|100%| O|  |TAMS 0x0000000080d00000, 0x0000000080c00000| Untracked 
|  13|0x0000000080d00000, 0x0000000080e00000, 0x0000000080e00000|100%| O|  |TAMS 0x0000000080e00000, 0x0000000080d00000| Untracked 
|  14|0x0000000080e00000, 0x0000000080f00000, 0x0000000080f00000|100%| O|  |TAMS 0x0000000080f00000, 0x0000000080e00000| Untracked 
|  15|0x0000000080f00000, 0x0000000081000000, 0x0000000081000000|100%| O|  |TAMS 0x0000000081000000, 0x0000000080f00000| Untracked 
|  16|0x0000000081000000, 0x0000000081100000, 0x0000000081100000|100%| O|  |TAMS 0x0000000081100000, 0x0000000081000000| Untracked 
|  17|0x0000000081100000, 0x0000000081118400, 0x0000000081200000|  9%| O|  |TAMS 0x0000000081118400, 0x0000000081100000| Untracked 
|  18|0x0000000081200000, 0x0000000081200000, 0x0000000081300000|  0%| F|  |TAMS 0x0000000081200000, 0x0000000081200000| Untracked 
|  19|0x0000000081300000, 0x0000000081300000, 0x0000000081400000|  0%| F|  |TAMS 0x0000000081300000, 0x0000000081300000| Untracked 
|  20|0x0000000081400000, 0x0000000081400000, 0x0000000081500000|  0%| F|  |TAMS 0x0000000081400000, 0x0000000081400000| Untracked 
|  21|0x0000000081500000, 0x0000000081500000, 0x0000000081600000|  0%| F|  |TAMS 0x0000000081500000, 0x0000000081500000| Untracked 
|  22|0x0000000081600000, 0x0000000081600000, 0x0000000081700000|  0%| F|  |TAMS 0x0000000081600000, 0x0000000081600000| Untracked 
|  23|0x0000000081700000, 0x0000000081700000, 0x0000000081800000|  0%| F|  |TAMS 0x0000000081700000, 0x0000000081700000| Untracked 
|  24|0x0000000081800000, 0x0000000081800000, 0x0000000081900000|  0%| F|  |TAMS 0x0000000081800000, 0x0000000081800000| Untracked 
|  25|0x0000000081900000, 0x0000000081900000, 0x0000000081a00000|  0%| F|  |TAMS 0x0000000081900000, 0x0000000081900000| Untracked 
|  26|0x0000000081a00000, 0x0000000081a00000, 0x0000000081b00000|  0%| F|  |TAMS 0x0000000081a00000, 0x0000000081a00000| Untracked 
|  27|0x0000000081b00000, 0x0000000081b00000, 0x0000000081c00000|  0%| F|  |TAMS 0x0000000081b00000, 0x0000000081b00000| Untracked 
|  28|0x0000000081c00000, 0x0000000081c00000, 0x0000000081d00000|  0%| F|  |TAMS 0x0000000081c00000, 0x0000000081c00000| Untracked 
|  29|0x0000000081d00000, 0x0000000081d00000, 0x0000000081e00000|  0%| F|  |TAMS 0x0000000081d00000, 0x0000000081d00000| Untracked 
|  30|0x0000000081e00000, 0x0000000081e00000, 0x0000000081f00000|  0%| F|  |TAMS 0x0000000081e00000, 0x0000000081e00000| Untracked 
|  31|0x0000000081f00000, 0x0000000081f00000, 0x0000000082000000|  0%| F|  |TAMS 0x0000000081f00000, 0x0000000081f00000| Untracked 
|  32|0x0000000082000000, 0x0000000082000000, 0x0000000082100000|  0%| F|  |TAMS 0x0000000082000000, 0x0000000082000000| Untracked 
|  33|0x0000000082100000, 0x0000000082100000, 0x0000000082200000|  0%| F|  |TAMS 0x0000000082100000, 0x0000000082100000| Untracked 
|  34|0x0000000082200000, 0x0000000082200000, 0x0000000082300000|  0%| F|  |TAMS 0x0000000082200000, 0x0000000082200000| Untracked 
|  35|0x0000000082300000, 0x0000000082300000, 0x0000000082400000|  0%| F|  |TAMS 0x0000000082300000, 0x0000000082300000| Untracked 
|  36|0x0000000082400000, 0x0000000082400000, 0x0000000082500000|  0%| F|  |TAMS 0x0000000082400000, 0x0000000082400000| Untracked 
|  37|0x0000000082500000, 0x0000000082500000, 0x0000000082600000|  0%| F|  |TAMS 0x0000000082500000, 0x0000000082500000| Untracked 
|  38|0x0000000082600000, 0x0000000082600000, 0x0000000082700000|  0%| F|  |TAMS 0x0000000082600000, 0x0000000082600000| Untracked 
|  39|0x0000000082700000, 0x0000000082700000, 0x0000000082800000|  0%| F|  |TAMS 0x0000000082700000, 0x0000000082700000| Untracked 
|  40|0x0000000082800000, 0x0000000082800000, 0x0000000082900000|  0%| F|  |TAMS 0x0000000082800000, 0x0000000082800000| Untracked 
|  41|0x0000000082900000, 0x0000000082900000, 0x0000000082a00000|  0%| F|  |TAMS 0x0000000082900000, 0x0000000082900000| Untracked 
|  42|0x0000000082a00000, 0x0000000082a00000, 0x0000000082b00000|  0%| F|  |TAMS 0x0000000082a00000, 0x0000000082a00000| Untracked 
|  43|0x0000000082b00000, 0x0000000082b00000, 0x0000000082c00000|  0%| F|  |TAMS 0x0000000082b00000, 0x0000000082b00000| Untracked 
|  44|0x0000000082c00000, 0x0000000082c00000, 0x0000000082d00000|  0%| F|  |TAMS 0x0000000082c00000, 0x0000000082c00000| Untracked 
|  45|0x0000000082d00000, 0x0000000082d00000, 0x0000000082e00000|  0%| F|  |TAMS 0x0000000082d00000, 0x0000000082d00000| Untracked 
|  46|0x0000000082e00000, 0x0000000082e00000, 0x0000000082f00000|  0%| F|  |TAMS 0x0000000082e00000, 0x0000000082e00000| Untracked 
|  47|0x0000000082f00000, 0x0000000082f00000, 0x0000000083000000|  0%| F|  |TAMS 0x0000000082f00000, 0x0000000082f00000| Untracked 
|  48|0x0000000083000000, 0x0000000083000000, 0x0000000083100000|  0%| F|  |TAMS 0x0000000083000000, 0x0000000083000000| Untracked 
|  49|0x0000000083100000, 0x0000000083100000, 0x0000000083200000|  0%| F|  |TAMS 0x0000000083100000, 0x0000000083100000| Untracked 
|  50|0x0000000083200000, 0x0000000083200000, 0x0000000083300000|  0%| F|  |TAMS 0x0000000083200000, 0x0000000083200000| Untracked 
|  51|0x0000000083300000, 0x0000000083300000, 0x0000000083400000|  0%| F|  |TAMS 0x0000000083300000, 0x0000000083300000| Untracked 
|  52|0x0000000083400000, 0x0000000083400000, 0x0000000083500000|  0%| F|  |TAMS 0x0000000083400000, 0x0000000083400000| Untracked 
|  53|0x0000000083500000, 0x0000000083500000, 0x0000000083600000|  0%| F|  |TAMS 0x0000000083500000, 0x0000000083500000| Untracked 
|  54|0x0000000083600000, 0x0000000083600000, 0x0000000083700000|  0%| F|  |TAMS 0x0000000083600000, 0x0000000083600000| Untracked 
|  55|0x0000000083700000, 0x0000000083700000, 0x0000000083800000|  0%| F|  |TAMS 0x0000000083700000, 0x0000000083700000| Untracked 
|  56|0x0000000083800000, 0x0000000083800000, 0x0000000083900000|  0%| F|  |TAMS 0x0000000083800000, 0x0000000083800000| Untracked 
|  57|0x0000000083900000, 0x0000000083900000, 0x0000000083a00000|  0%| F|  |TAMS 0x0000000083900000, 0x0000000083900000| Untracked 
|  58|0x0000000083a00000, 0x0000000083a00000, 0x0000000083b00000|  0%| F|  |TAMS 0x0000000083a00000, 0x0000000083a00000| Untracked 
|  59|0x0000000083b00000, 0x0000000083b00000, 0x0000000083c00000|  0%| F|  |TAMS 0x0000000083b00000, 0x0000000083b00000| Untracked 
|  60|0x0000000083c00000, 0x0000000083c00000, 0x0000000083d00000|  0%| F|  |TAMS 0x0000000083c00000, 0x0000000083c00000| Untracked 
|  61|0x0000000083d00000, 0x0000000083d00000, 0x0000000083e00000|  0%| F|  |TAMS 0x0000000083d00000, 0x0000000083d00000| Untracked 
|  62|0x0000000083e00000, 0x0000000083e00000, 0x0000000083f00000|  0%| F|  |TAMS 0x0000000083e00000, 0x0000000083e00000| Untracked 
|  63|0x0000000083f00000, 0x0000000083f00000, 0x0000000084000000|  0%| F|  |TAMS 0x0000000083f00000, 0x0000000083f00000| Untracked 
|  64|0x0000000084000000, 0x0000000084000000, 0x0000000084100000|  0%| F|  |TAMS 0x0000000084000000, 0x0000000084000000| Untracked 
|  65|0x0000000084100000, 0x0000000084100000, 0x0000000084200000|  0%| F|  |TAMS 0x0000000084100000, 0x0000000084100000| Untracked 
|  66|0x0000000084200000, 0x0000000084200000, 0x0000000084300000|  0%| F|  |TAMS 0x0000000084200000, 0x0000000084200000| Untracked 
|  67|0x0000000084300000, 0x0000000084300000, 0x0000000084400000|  0%| F|  |TAMS 0x0000000084300000, 0x0000000084300000| Untracked 
|  68|0x0000000084400000, 0x0000000084400000, 0x0000000084500000|  0%| F|  |TAMS 0x0000000084400000, 0x0000000084400000| Untracked 
|  69|0x0000000084500000, 0x0000000084500000, 0x0000000084600000|  0%| F|  |TAMS 0x0000000084500000, 0x0000000084500000| Untracked 
|  70|0x0000000084600000, 0x0000000084600000, 0x0000000084700000|  0%| F|  |TAMS 0x0000000084600000, 0x0000000084600000| Untracked 
|  71|0x0000000084700000, 0x0000000084700000, 0x0000000084800000|  0%| F|  |TAMS 0x0000000084700000, 0x0000000084700000| Untracked 
|  72|0x0000000084800000, 0x0000000084800000, 0x0000000084900000|  0%| F|  |TAMS 0x0000000084800000, 0x0000000084800000| Untracked 
|  73|0x0000000084900000, 0x0000000084900000, 0x0000000084a00000|  0%| F|  |TAMS 0x0000000084900000, 0x0000000084900000| Untracked 
|  74|0x0000000084a00000, 0x0000000084a00000, 0x0000000084b00000|  0%| F|  |TAMS 0x0000000084a00000, 0x0000000084a00000| Untracked 
|  75|0x0000000084b00000, 0x0000000084b00000, 0x0000000084c00000|  0%| F|  |TAMS 0x0000000084b00000, 0x0000000084b00000| Untracked 
|  76|0x0000000084c00000, 0x0000000084c00000, 0x0000000084d00000|  0%| F|  |TAMS 0x0000000084c00000, 0x0000000084c00000| Untracked 
|  77|0x0000000084d00000, 0x0000000084d6d1a8, 0x0000000084e00000| 42%| S|CS|TAMS 0x0000000084d00000, 0x0000000084d00000| Complete 
|  78|0x0000000084e00000, 0x0000000084f00000, 0x0000000084f00000|100%| S|CS|TAMS 0x0000000084e00000, 0x0000000084e00000| Complete 
|  79|0x0000000084f00000, 0x0000000085000000, 0x0000000085000000|100%| S|CS|TAMS 0x0000000084f00000, 0x0000000084f00000| Complete 
|  80|0x0000000085000000, 0x0000000085000000, 0x0000000085100000|  0%| F|  |TAMS 0x0000000085000000, 0x0000000085000000| Untracked 
|  81|0x0000000085100000, 0x0000000085100000, 0x0000000085200000|  0%| F|  |TAMS 0x0000000085100000, 0x0000000085100000| Untracked 
|  82|0x0000000085200000, 0x0000000085200000, 0x0000000085300000|  0%| F|  |TAMS 0x0000000085200000, 0x0000000085200000| Untracked 
|  83|0x0000000085300000, 0x0000000085300000, 0x0000000085400000|  0%| F|  |TAMS 0x0000000085300000, 0x0000000085300000| Untracked 
|  84|0x0000000085400000, 0x0000000085400000, 0x0000000085500000|  0%| F|  |TAMS 0x0000000085400000, 0x0000000085400000| Untracked 
|  85|0x0000000085500000, 0x0000000085500000, 0x0000000085600000|  0%| F|  |TAMS 0x0000000085500000, 0x0000000085500000| Untracked 
|  86|0x0000000085600000, 0x0000000085600000, 0x0000000085700000|  0%| F|  |TAMS 0x0000000085600000, 0x0000000085600000| Untracked 
|  87|0x0000000085700000, 0x0000000085700000, 0x0000000085800000|  0%| F|  |TAMS 0x0000000085700000, 0x0000000085700000| Untracked 
|  88|0x0000000085800000, 0x0000000085800000, 0x0000000085900000|  0%| F|  |TAMS 0x0000000085800000, 0x0000000085800000| Untracked 
|  89|0x0000000085900000, 0x0000000085900000, 0x0000000085a00000|  0%| F|  |TAMS 0x0000000085900000, 0x0000000085900000| Untracked 
|  90|0x0000000085a00000, 0x0000000085a00000, 0x0000000085b00000|  0%| F|  |TAMS 0x0000000085a00000, 0x0000000085a00000| Untracked 
|  91|0x0000000085b00000, 0x0000000085b00000, 0x0000000085c00000|  0%| F|  |TAMS 0x0000000085b00000, 0x0000000085b00000| Untracked 
|  92|0x0000000085c00000, 0x0000000085c00000, 0x0000000085d00000|  0%| F|  |TAMS 0x0000000085c00000, 0x0000000085c00000| Untracked 
|  93|0x0000000085d00000, 0x0000000085d00000, 0x0000000085e00000|  0%| F|  |TAMS 0x0000000085d00000, 0x0000000085d00000| Untracked 
|  94|0x0000000085e00000, 0x0000000085e00000, 0x0000000085f00000|  0%| F|  |TAMS 0x0000000085e00000, 0x0000000085e00000| Untracked 
|  95|0x0000000085f00000, 0x0000000085f00000, 0x0000000086000000|  0%| F|  |TAMS 0x0000000085f00000, 0x0000000085f00000| Untracked 
|  96|0x0000000086000000, 0x0000000086000000, 0x0000000086100000|  0%| F|  |TAMS 0x0000000086000000, 0x0000000086000000| Untracked 
|  97|0x0000000086100000, 0x0000000086100000, 0x0000000086200000|  0%| F|  |TAMS 0x0000000086100000, 0x0000000086100000| Untracked 
|  98|0x0000000086200000, 0x0000000086200000, 0x0000000086300000|  0%| F|  |TAMS 0x0000000086200000, 0x0000000086200000| Untracked 
|  99|0x0000000086300000, 0x0000000086300000, 0x0000000086400000|  0%| F|  |TAMS 0x0000000086300000, 0x0000000086300000| Untracked 
| 100|0x0000000086400000, 0x0000000086400000, 0x0000000086500000|  0%| F|  |TAMS 0x0000000086400000, 0x0000000086400000| Untracked 
| 101|0x0000000086500000, 0x0000000086500000, 0x0000000086600000|  0%| F|  |TAMS 0x0000000086500000, 0x0000000086500000| Untracked 
| 102|0x0000000086600000, 0x0000000086600000, 0x0000000086700000|  0%| F|  |TAMS 0x0000000086600000, 0x0000000086600000| Untracked 
| 103|0x0000000086700000, 0x0000000086700000, 0x0000000086800000|  0%| F|  |TAMS 0x0000000086700000, 0x0000000086700000| Untracked 
| 104|0x0000000086800000, 0x0000000086800000, 0x0000000086900000|  0%| F|  |TAMS 0x0000000086800000, 0x0000000086800000| Untracked 
| 105|0x0000000086900000, 0x0000000086900000, 0x0000000086a00000|  0%| F|  |TAMS 0x0000000086900000, 0x0000000086900000| Untracked 
| 106|0x0000000086a00000, 0x0000000086a00000, 0x0000000086b00000|  0%| F|  |TAMS 0x0000000086a00000, 0x0000000086a00000| Untracked 
| 107|0x0000000086b00000, 0x0000000086b00000, 0x0000000086c00000|  0%| F|  |TAMS 0x0000000086b00000, 0x0000000086b00000| Untracked 
| 108|0x0000000086c00000, 0x0000000086c00000, 0x0000000086d00000|  0%| F|  |TAMS 0x0000000086c00000, 0x0000000086c00000| Untracked 
| 109|0x0000000086d00000, 0x0000000086d00000, 0x0000000086e00000|  0%| F|  |TAMS 0x0000000086d00000, 0x0000000086d00000| Untracked 
| 110|0x0000000086e00000, 0x0000000086e00000, 0x0000000086f00000|  0%| F|  |TAMS 0x0000000086e00000, 0x0000000086e00000| Untracked 
| 111|0x0000000086f00000, 0x0000000086f00000, 0x0000000087000000|  0%| F|  |TAMS 0x0000000086f00000, 0x0000000086f00000| Untracked 
| 112|0x0000000087000000, 0x0000000087000000, 0x0000000087100000|  0%| F|  |TAMS 0x0000000087000000, 0x0000000087000000| Untracked 
| 113|0x0000000087100000, 0x0000000087100000, 0x0000000087200000|  0%| F|  |TAMS 0x0000000087100000, 0x0000000087100000| Untracked 
| 114|0x0000000087200000, 0x0000000087200000, 0x0000000087300000|  0%| F|  |TAMS 0x0000000087200000, 0x0000000087200000| Untracked 
| 115|0x0000000087300000, 0x0000000087300000, 0x0000000087400000|  0%| F|  |TAMS 0x0000000087300000, 0x0000000087300000| Untracked 
| 116|0x0000000087400000, 0x0000000087400000, 0x0000000087500000|  0%| F|  |TAMS 0x0000000087400000, 0x0000000087400000| Untracked 
| 117|0x0000000087500000, 0x0000000087500000, 0x0000000087600000|  0%| F|  |TAMS 0x0000000087500000, 0x0000000087500000| Untracked 
| 118|0x0000000087600000, 0x0000000087600000, 0x0000000087700000|  0%| F|  |TAMS 0x0000000087600000, 0x0000000087600000| Untracked 
| 119|0x0000000087700000, 0x0000000087700000, 0x0000000087800000|  0%| F|  |TAMS 0x0000000087700000, 0x0000000087700000| Untracked 
| 120|0x0000000087800000, 0x0000000087900000, 0x0000000087900000|100%| E|  |TAMS 0x0000000087800000, 0x0000000087800000| Complete 
| 121|0x0000000087900000, 0x0000000087a00000, 0x0000000087a00000|100%| E|CS|TAMS 0x0000000087900000, 0x0000000087900000| Complete 
| 122|0x0000000087a00000, 0x0000000087b00000, 0x0000000087b00000|100%| E|CS|TAMS 0x0000000087a00000, 0x0000000087a00000| Complete 
| 123|0x0000000087b00000, 0x0000000087c00000, 0x0000000087c00000|100%| E|CS|TAMS 0x0000000087b00000, 0x0000000087b00000| Complete 
| 124|0x0000000087c00000, 0x0000000087d00000, 0x0000000087d00000|100%| E|CS|TAMS 0x0000000087c00000, 0x0000000087c00000| Complete 
| 125|0x0000000087d00000, 0x0000000087e00000, 0x0000000087e00000|100%| E|CS|TAMS 0x0000000087d00000, 0x0000000087d00000| Complete 

Card table byte_map: [0x0000022bb0370000,0x0000022bb0770000] _byte_map_base: 0x0000022baff70000

Marking Bits (Prev, Next): (CMBitMap*) 0x0000022b995c0c60, (CMBitMap*) 0x0000022b995c0c28
 Prev Bits: [0x0000022bb2b70000, 0x0000022bb4b70000)
 Next Bits: [0x0000022bb0b70000, 0x0000022bb2b70000)

Polling page: 0x0000022b974c0000

Metaspace:

Usage:
  Non-class:     21.82 MB capacity,    21.40 MB ( 98%) used,   381.62 KB (  2%) free+waste,    50.06 KB ( <1%) overhead. 
      Class:      3.37 MB capacity,     3.18 MB ( 94%) used,   170.05 KB (  5%) free+waste,    25.75 KB ( <1%) overhead. 
       Both:     25.19 MB capacity,    24.58 MB ( 98%) used,   551.66 KB (  2%) free+waste,    75.81 KB ( <1%) overhead. 

Virtual space:
  Non-class space:       22.00 MB reserved,      21.92 MB (>99%) committed 
      Class space:      504.00 MB reserved,       3.45 MB ( <1%) committed 
             Both:      526.00 MB reserved,      25.37 MB (  5%) committed 

Chunk freelists:
   Non-Class:  4.63 KB
       Class:  512 bytes
        Both:  5.13 KB

CodeHeap 'non-profiled nmethods': size=120000Kb used=1142Kb max_used=1142Kb free=118857Kb
 bounds [0x0000022ba8710000, 0x0000022ba8980000, 0x0000022bafc40000]
CodeHeap 'profiled nmethods': size=120000Kb used=5075Kb max_used=5075Kb free=114924Kb
 bounds [0x0000022ba11e0000, 0x0000022ba16e0000, 0x0000022ba8710000]
CodeHeap 'non-nmethods': size=5760Kb used=1160Kb max_used=1199Kb free=4599Kb
 bounds [0x0000022ba0c40000, 0x0000022ba0eb0000, 0x0000022ba11e0000]
 total_blobs=2896 nmethods=2393 adapters=414
 compilation: enabled
              stopped_count=0, restarted_count=0
 full_count=0

Compilation events (10 events):
Event: 22.911 Thread 0x0000022bb75c7800 nmethod 2378 0x0000022ba16c7010 code [0x0000022ba16c71a0, 0x0000022ba16c7298]
Event: 22.911 Thread 0x0000022bb75c7800 2379       3       com.google.common.base.AbstractIterator::next (37 bytes)
Event: 22.912 Thread 0x0000022bb75c7800 nmethod 2379 0x0000022ba16c7310 code [0x0000022ba16c74e0, 0x0000022ba16c7818]
Event: 22.912 Thread 0x0000022bb75c7800 2380       3       com.google.common.base.NullnessCasts::uncheckedCastNullableTToT (2 bytes)
Event: 22.912 Thread 0x0000022bb75c7800 nmethod 2380 0x0000022ba16c7990 code [0x0000022ba16c7b20, 0x0000022ba16c7bf8]
Event: 22.912 Thread 0x0000022bb75c7800 2381       3       org.apache.commons.lang.StringUtils::isEmpty (17 bytes)
Event: 22.913 Thread 0x0000022bb75c7800 nmethod 2381 0x0000022ba16c7c90 code [0x0000022ba16c7e40, 0x0000022ba16c80b8]
Event: 22.913 Thread 0x0000022bb75c7800 2382       3       com.google.common.base.CharMatcher$FastMatcher::<init> (5 bytes)
Event: 22.913 Thread 0x0000022bb75c7800 nmethod 2382 0x0000022ba16c8210 code [0x0000022ba16c83c0, 0x0000022ba16c8578]
Event: 22.913 Thread 0x0000022bb75c7800 2383       3       org.gradle.configuration.DefaultImportsReader$2::processLine (70 bytes)

GC Heap History (10 events):
Event: 5.511 GC heap before
{Heap before GC invocations=0 (full 0):
 garbage-first heap   total 129024K, used 27648K [0x0000000080000000, 0x0000000100000000)
  region size 1024K, 24 young (24576K), 0 survivors (0K)
 Metaspace       used 9938K, capacity 10191K, committed 10368K, reserved 526336K
  class space    used 1032K, capacity 1105K, committed 1152K, reserved 516096K
}
Event: 5.694 GC heap after
{Heap after GC invocations=1 (full 0):
 garbage-first heap   total 129024K, used 10575K [0x0000000080000000, 0x0000000100000000)
  region size 1024K, 3 young (3072K), 3 survivors (3072K)
 Metaspace       used 9938K, capacity 10191K, committed 10368K, reserved 526336K
  class space    used 1032K, capacity 1105K, committed 1152K, reserved 516096K
}
Event: 10.089 GC heap before
{Heap before GC invocations=1 (full 0):
 garbage-first heap   total 129024K, used 40271K [0x0000000080000000, 0x0000000100000000)
  region size 1024K, 31 young (31744K), 3 survivors (3072K)
 Metaspace       used 11074K, capacity 11369K, committed 11520K, reserved 526336K
  class space    used 1150K, capacity 1242K, committed 1280K, reserved 516096K
}
Event: 10.102 GC heap after
{Heap after GC invocations=2 (full 0):
 garbage-first heap   total 129024K, used 12274K [0x0000000080000000, 0x0000000100000000)
  region size 1024K, 2 young (2048K), 2 survivors (2048K)
 Metaspace       used 11074K, capacity 11369K, committed 11520K, reserved 526336K
  class space    used 1150K, capacity 1242K, committed 1280K, reserved 516096K
}
Event: 18.101 GC heap before
{Heap before GC invocations=2 (full 0):
 garbage-first heap   total 129024K, used 53234K [0x0000000080000000, 0x0000000100000000)
  region size 1024K, 42 young (43008K), 2 survivors (2048K)
 Metaspace       used 17682K, capacity 18090K, committed 18432K, reserved 532480K
  class space    used 2064K, capacity 2211K, committed 2304K, reserved 516096K
}
Event: 18.132 GC heap after
{Heap after GC invocations=3 (full 0):
 garbage-first heap   total 129024K, used 17408K [0x0000000080000000, 0x0000000100000000)
  region size 1024K, 6 young (6144K), 6 survivors (6144K)
 Metaspace       used 17682K, capacity 18090K, committed 18432K, reserved 532480K
  class space    used 2064K, capacity 2211K, committed 2304K, reserved 516096K
}
Event: 19.054 GC heap before
{Heap before GC invocations=3 (full 0):
 garbage-first heap   total 129024K, used 40960K [0x0000000080000000, 0x0000000100000000)
  region size 1024K, 30 young (30720K), 6 survivors (6144K)
 Metaspace       used 20746K, capacity 21216K, committed 21296K, reserved 536576K
  class space    used 2518K, capacity 2687K, committed 2688K, reserved 516096K
}
Event: 19.063 GC heap after
{Heap after GC invocations=4 (full 0):
 garbage-first heap   total 129024K, used 18529K [0x0000000080000000, 0x0000000100000000)
  region size 1024K, 1 young (1024K), 1 survivors (1024K)
 Metaspace       used 20746K, capacity 21216K, committed 21296K, reserved 536576K
  class space    used 2518K, capacity 2687K, committed 2688K, reserved 516096K
}
Event: 22.695 GC heap before
{Heap before GC invocations=5 (full 0):
 garbage-first heap   total 129024K, used 63585K [0x0000000080000000, 0x0000000100000000)
  region size 1024K, 46 young (47104K), 1 survivors (1024K)
 Metaspace       used 24527K, capacity 25125K, committed 25340K, reserved 538624K
  class space    used 3150K, capacity 3355K, committed 3404K, reserved 516096K
}
Event: 22.702 GC heap after
{Heap after GC invocations=6 (full 0):
 garbage-first heap   total 129024K, used 19989K [0x0000000080000000, 0x0000000100000000)
  region size 1024K, 3 young (3072K), 3 survivors (3072K)
 Metaspace       used 24527K, capacity 25125K, committed 25340K, reserved 538624K
  class space    used 3150K, capacity 3355K, committed 3404K, reserved 516096K
}

Deoptimization events (10 events):
Event: 18.983 Thread 0x0000022bb8f96000 Uncommon trap: reason=unstable_if action=reinterpret pc=0x0000022ba8783264 method=java.util.regex.Matcher.reset()Ljava/util/regex/Matcher; @ 71 c2
Event: 18.983 Thread 0x0000022bb8f96000 Uncommon trap: reason=unstable_if action=reinterpret pc=0x0000022ba8727d30 method=java.util.regex.Matcher.match(II)Z @ 76 c2
Event: 18.985 Thread 0x0000022bb8f96000 Uncommon trap: reason=unstable_if action=reinterpret pc=0x0000022ba8779958 method=java.util.regex.Matcher.reset()Ljava/util/regex/Matcher; @ 71 c2
Event: 19.115 Thread 0x0000022bb8f96000 Uncommon trap: reason=unstable_if action=reinterpret pc=0x0000022ba872b4b0 method=java.io.WinNTFileSystem.resolve(Ljava/lang/String;Ljava/lang/String;)Ljava/lang/String; @ 19 c2
Event: 19.117 Thread 0x0000022bb8f96000 Uncommon trap: reason=bimorphic_or_optimized_type_check action=maybe_recompile pc=0x0000022ba8785e24 method=java.util.AbstractList$Itr.hasNext()Z @ 8 c2
Event: 19.117 Thread 0x0000022bb8f96000 Uncommon trap: reason=bimorphic_or_optimized_type_check action=maybe_recompile pc=0x0000022ba87861b4 method=java.util.AbstractList$Itr.next()Ljava/lang/Object; @ 14 c2
Event: 19.118 Thread 0x0000022bb8f96000 Uncommon trap: reason=unstable_if action=reinterpret pc=0x0000022ba8781184 method=java.io.File.getName()Ljava/lang/String; @ 16 c2
Event: 19.118 Thread 0x0000022bb8f96000 Uncommon trap: reason=unstable_if action=reinterpret pc=0x0000022ba877d514 method=java.lang.String.substring(I)Ljava/lang/String; @ 34 c2
Event: 22.400 Thread 0x0000022bb8f96000 Uncommon trap: reason=bimorphic_or_optimized_type_check action=maybe_recompile pc=0x0000022ba87e30cc method=java.util.HashMap.putVal(ILjava/lang/Object;Ljava/lang/Object;ZZ)Ljava/lang/Object; @ 203 c2
Event: 22.682 Thread 0x0000022bb8f96000 Uncommon trap: reason=unstable_if action=reinterpret pc=0x0000022ba88191d0 method=java.util.HashMap.hash(Ljava/lang/Object;)I @ 1 c2

Classes redefined (0 events):
No events

Internal exceptions (10 events):
Event: 18.916 Thread 0x0000022bb8f96000 Exception <a 'java/lang/NoSuchMethodError'{0x00000000869443d8}: java.lang.invoke.DirectMethodHandle$Holder.invokeSpecial(Ljava/lang/Object;Ljava/lang/Object;Ljava/lang/Object;Ljava/lang/Object;I)Ljava/lang/Object;> (0x00000000869443d8) thrown at [./open/s
Event: 18.916 Thread 0x0000022bb8f96000 Exception <a 'java/lang/NoSuchMethodError'{0x0000000086947db8}: java.lang.invoke.Invokers$Holder.linkToTargetMethod(Ljava/lang/Object;Ljava/lang/Object;ILjava/lang/Object;)Ljava/lang/Object;> (0x0000000086947db8) thrown at [./open/src/hotspot/share/interp
Event: 20.392 Thread 0x0000022bb8f96000 Exception <a 'java/lang/NoSuchMethodError'{0x0000000086f58918}: java.lang.invoke.DirectMethodHandle$Holder.invokeSpecialIFC(Ljava/lang/Object;Ljava/lang/Object;Ljava/lang/Object;Ljava/lang/Object;)I> (0x0000000086f58918) thrown at [./open/src/hotspot/shar
Event: 20.396 Thread 0x0000022bb8f96000 Exception <a 'java/lang/NoSuchMethodError'{0x0000000086f668d0}: java.lang.invoke.DirectMethodHandle$Holder.invokeInterface(Ljava/lang/Object;Ljava/lang/Object;Ljava/lang/Object;)Ljava/lang/Object;> (0x0000000086f668d0) thrown at [./open/src/hotspot/share/
Event: 20.397 Thread 0x0000022bb8f96000 Exception <a 'java/lang/IncompatibleClassChangeError'{0x0000000086f69da8}: Found class java.lang.Object, but interface was expected> (0x0000000086f69da8) thrown at [./open/src/hotspot/share/interpreter/linkResolver.cpp, line 838]
Event: 22.317 Thread 0x0000022bb8f96000 Exception <a 'java/lang/NoSuchMethodError'{0x0000000085ca01e0}: java.lang.invoke.DirectMethodHandle$Holder.invokeVirtual(Ljava/lang/Object;Ljava/lang/Object;Ljava/lang/Object;Ljava/lang/Object;)Ljava/lang/Object;> (0x0000000085ca01e0) thrown at [./open/sr
Event: 22.427 Thread 0x0000022bb8f96000 Exception <a 'java/lang/NoSuchMethodError'{0x00000000859772d0}: java.lang.invoke.Invokers$Holder.linkToTargetMethod(Ljava/lang/Object;Ljava/lang/Object;Ljava/lang/Object;Ljava/lang/Object;Ljava/lang/Object;Ljava/lang/Object;Ljava/lang/Object;)Ljava/lang/O
Event: 22.493 Thread 0x0000022bb8f96000 Exception <a 'java/lang/NoSuchMethodError'{0x0000000085718b80}: java.lang.invoke.DirectMethodHandle$Holder.invokeVirtual(Ljava/lang/Object;Ljava/lang/Object;Ljava/lang/Object;Ljava/lang/Object;Ljava/lang/Object;Ljava/lang/Object;Ljava/lang/Object;Ljava/la
Event: 22.659 Thread 0x0000022bb8f96000 Exception <a 'java/lang/NoSuchMethodError'{0x00000000851e75e8}: java.lang.invoke.DirectMethodHandle$Holder.invokeStatic(Ljava/lang/Object;Ljava/lang/Object;Ljava/lang/Object;Ljava/lang/Object;Ljava/lang/Object;)V> (0x00000000851e75e8) thrown at [./open/sr
Event: 22.682 Thread 0x0000022bb8f96000 Implicit null exception at 0x0000022ba8818b1b to 0x0000022ba88191b7

Events (10 events):
Event: 22.856 loading class com/google/common/base/AbstractIterator done
Event: 22.858 loading class com/google/common/base/Splitter$1$1
Event: 22.858 loading class com/google/common/base/Splitter$1$1 done
Event: 22.860 loading class com/google/common/base/AbstractIterator$State
Event: 22.860 loading class com/google/common/base/AbstractIterator$State done
Event: 22.860 loading class com/google/common/base/AbstractIterator$1
Event: 22.860 loading class com/google/common/base/AbstractIterator$1 done
Event: 22.862 loading class com/google/common/base/NullnessCasts
Event: 22.862 loading class com/google/common/base/NullnessCasts done
Event: 22.907 Thread 0x0000022bba5e9800 Thread added: 0x0000022bba5e9800


Dynamic libraries:
0x00007ff741a30000 - 0x00007ff741a3f000 	C:\Program Files\Java\jdk-11.0.17\bin\java.exe
0x00007ffb75fd0000 - 0x00007ffb761e5000 	C:\WINDOWS\SYSTEM32\ntdll.dll
0x00007ffb75be0000 - 0x00007ffb75ca4000 	C:\WINDOWS\System32\KERNEL32.DLL
0x00007ffb73390000 - 0x00007ffb73734000 	C:\WINDOWS\System32\KERNELBASE.dll
0x00007ffb73bd0000 - 0x00007ffb73ce1000 	C:\WINDOWS\System32\ucrtbase.dll
0x00007ffb45d10000 - 0x00007ffb45d25000 	C:\Program Files\Java\jdk-11.0.17\bin\VCRUNTIME140.dll
0x00007ffb45be0000 - 0x00007ffb45bf8000 	C:\Program Files\Java\jdk-11.0.17\bin\jli.dll
0x00007ffb75ee0000 - 0x00007ffb75f8e000 	C:\WINDOWS\System32\ADVAPI32.dll
0x00007ffb75b30000 - 0x00007ffb75bd7000 	C:\WINDOWS\System32\msvcrt.dll
0x00007ffb758a0000 - 0x00007ffb75944000 	C:\WINDOWS\System32\sechost.dll
0x00007ffb741c0000 - 0x00007ffb742d7000 	C:\WINDOWS\System32\RPCRT4.dll
0x00007ffb75d30000 - 0x00007ffb75edb000 	C:\WINDOWS\System32\USER32.dll
0x00007ffb739e0000 - 0x00007ffb73a06000 	C:\WINDOWS\System32\win32u.dll
0x00007ffb75100000 - 0x00007ffb75129000 	C:\WINDOWS\System32\GDI32.dll
0x00007ffb73a10000 - 0x00007ffb73b29000 	C:\WINDOWS\System32\gdi32full.dll
0x00007ffb73b30000 - 0x00007ffb73bca000 	C:\WINDOWS\System32\msvcp_win.dll
0x00007ffb63ee0000 - 0x00007ffb6416f000 	C:\WINDOWS\WinSxS\amd64_microsoft.windows.common-controls_6595b64144ccf1df_6.0.23481.1000_none_ea968b5019ed8007\COMCTL32.dll
0x00007ffb6b600000 - 0x00007ffb6b60a000 	C:\WINDOWS\SYSTEM32\VERSION.dll
0x00007ffb74bb0000 - 0x00007ffb74be1000 	C:\WINDOWS\System32\IMM32.DLL
0x00007ffae9180000 - 0x00007ffae921b000 	C:\Program Files\Java\jdk-11.0.17\bin\msvcp140.dll
0x00007ffa8d5e0000 - 0x00007ffa8e0fa000 	C:\Program Files\Java\jdk-11.0.17\bin\server\jvm.dll
0x00007ffb74ba0000 - 0x00007ffb74ba8000 	C:\WINDOWS\System32\PSAPI.DLL
0x00007ffb61110000 - 0x00007ffb61119000 	C:\WINDOWS\SYSTEM32\WSOCK32.dll
0x00007ffb752d0000 - 0x00007ffb75341000 	C:\WINDOWS\System32\WS2_32.dll
0x00007ffb6d110000 - 0x00007ffb6d144000 	C:\WINDOWS\SYSTEM32\WINMM.dll
0x00007ffb723e0000 - 0x00007ffb723f8000 	C:\WINDOWS\SYSTEM32\kernel.appcore.dll
0x00007ffb647e0000 - 0x00007ffb647f0000 	C:\Program Files\Java\jdk-11.0.17\bin\verify.dll
0x00007ffb57cd0000 - 0x00007ffb57efe000 	C:\WINDOWS\SYSTEM32\DBGHELP.DLL
0x00007ffb75400000 - 0x00007ffb7578a000 	C:\WINDOWS\System32\combase.dll
0x00007ffb75a50000 - 0x00007ffb75b27000 	C:\WINDOWS\System32\OLEAUT32.dll
0x00007ffb57c90000 - 0x00007ffb57cc2000 	C:\WINDOWS\SYSTEM32\dbgcore.DLL
0x00007ffb73cf0000 - 0x00007ffb73d6b000 	C:\WINDOWS\System32\bcryptPrimitives.dll
0x00007ffb2b5b0000 - 0x00007ffb2b5d8000 	C:\Program Files\Java\jdk-11.0.17\bin\java.dll
0x00007ffb5f400000 - 0x00007ffb5f40a000 	C:\Program Files\Java\jdk-11.0.17\bin\jimage.dll
0x00007ffb39730000 - 0x00007ffb39746000 	C:\Program Files\Java\jdk-11.0.17\bin\zip.dll
0x00007ffb74350000 - 0x00007ffb74b75000 	C:\WINDOWS\System32\SHELL32.dll
0x00007ffb71360000 - 0x00007ffb71c51000 	C:\WINDOWS\SYSTEM32\windows.storage.dll
0x00007ffb71220000 - 0x00007ffb7135e000 	C:\WINDOWS\SYSTEM32\wintypes.dll
0x00007ffb757a0000 - 0x00007ffb75893000 	C:\WINDOWS\System32\SHCORE.dll
0x00007ffb73fa0000 - 0x00007ffb73ffe000 	C:\WINDOWS\System32\shlwapi.dll
0x00007ffb732c0000 - 0x00007ffb732e1000 	C:\WINDOWS\SYSTEM32\profapi.dll
0x00007ffb39700000 - 0x00007ffb39719000 	C:\Program Files\Java\jdk-11.0.17\bin\net.dll
0x00007ffb6cd80000 - 0x00007ffb6ceb7000 	C:\WINDOWS\SYSTEM32\WINHTTP.dll
0x00007ffb72850000 - 0x00007ffb728b9000 	C:\WINDOWS\system32\mswsock.dll
0x00007ffb38a20000 - 0x00007ffb38a32000 	C:\Program Files\Java\jdk-11.0.17\bin\nio.dll
0x00007ffae6220000 - 0x00007ffae6247000 	C:\Users\devvu\.gradle\native\68d5fa5c4cc2d200863cafc0d521ce42e7d3e7ee720ec0a83991735586a16f82\windows-amd64\native-platform.dll
0x00007ffaadd30000 - 0x00007ffaade74000 	C:\Users\devvu\.gradle\native\e376f236ea51e6404a007f0833ffe2c6e607c4080706a723a18a27aeea778392\windows-amd64\native-platform-file-events.dll
0x00007ffb5dde0000 - 0x00007ffb5dde9000 	C:\Program Files\Java\jdk-11.0.17\bin\management.dll
0x00007ffb49590000 - 0x00007ffb4959b000 	C:\Program Files\Java\jdk-11.0.17\bin\management_ext.dll
0x00007ffb72ab0000 - 0x00007ffb72acb000 	C:\WINDOWS\SYSTEM32\CRYPTSP.dll
0x00007ffb72350000 - 0x00007ffb72385000 	C:\WINDOWS\system32\rsaenh.dll
0x00007ffb72950000 - 0x00007ffb72978000 	C:\WINDOWS\SYSTEM32\USERENV.dll
0x00007ffb72c70000 - 0x00007ffb72c98000 	C:\WINDOWS\SYSTEM32\bcrypt.dll
0x00007ffb72ad0000 - 0x00007ffb72adc000 	C:\WINDOWS\SYSTEM32\CRYPTBASE.dll
0x00007ffb71ec0000 - 0x00007ffb71eed000 	C:\WINDOWS\SYSTEM32\IPHLPAPI.DLL
0x00007ffb74b80000 - 0x00007ffb74b89000 	C:\WINDOWS\System32\NSI.dll
0x00007ffb6d0e0000 - 0x00007ffb6d0f9000 	C:\WINDOWS\SYSTEM32\dhcpcsvc6.DLL
0x00007ffb6d090000 - 0x00007ffb6d0af000 	C:\WINDOWS\SYSTEM32\dhcpcsvc.DLL
0x00007ffb71f30000 - 0x00007ffb72023000 	C:\WINDOWS\SYSTEM32\DNSAPI.dll

dbghelp: loaded successfully - version: 4.0.5 - missing functions: none
symbol engine: initialized successfully - sym options: 0x614 - pdb path: .;C:\Program Files\Java\jdk-11.0.17\bin;C:\WINDOWS\SYSTEM32;C:\WINDOWS\WinSxS\amd64_microsoft.windows.common-controls_6595b64144ccf1df_6.0.23481.1000_none_ea968b5019ed8007;C:\Program Files\Java\jdk-11.0.17\bin\server;C:\Users\devvu\.gradle\native\68d5fa5c4cc2d200863cafc0d521ce42e7d3e7ee720ec0a83991735586a16f82\windows-amd64;C:\Users\devvu\.gradle\native\e376f236ea51e6404a007f0833ffe2c6e607c4080706a723a18a27aeea778392\windows-amd64

VM Arguments:
jvm_args: -XX:MaxMetaspaceSize=512m --add-opens=java.base/java.util=ALL-UNNAMED --add-opens=java.base/java.lang=ALL-UNNAMED --add-opens=java.base/java.lang.invoke=ALL-UNNAMED --add-opens=java.prefs/java.util.prefs=ALL-UNNAMED --add-opens=java.base/java.nio.charset=ALL-UNNAMED --add-opens=java.base/java.net=ALL-UNNAMED --add-opens=java.base/java.util.concurrent.atomic=ALL-UNNAMED -Xmx2048m -Dfile.encoding=windows-1252 -Duser.country=FR -Duser.language=fr -Duser.variant 
java_command: org.gradle.launcher.daemon.bootstrap.GradleDaemon 8.0.1
java_class_path (initial): C:\Users\devvu\.gradle\wrapper\dists\gradle-8.0.1-all\aro4hu1c3oeioove7l0i4i14o\gradle-8.0.1\lib\gradle-launcher-8.0.1.jar
Launcher Type: SUN_STANDARD

[Global flags]
     intx CICompilerCount                          = 4                                         {product} {ergonomic}
   size_t CompressedClassSpaceSize                 = 528482304                                 {product} {ergonomic}
     uint ConcGCThreads                            = 2                                         {product} {ergonomic}
     uint G1ConcRefinementThreads                  = 8                                         {product} {ergonomic}
   size_t G1HeapRegionSize                         = 1048576                                   {product} {ergonomic}
    uintx GCDrainStackTargetSize                   = 64                                        {product} {ergonomic}
   size_t InitialHeapSize                          = 132120576                                 {product} {ergonomic}
   size_t MarkStackSize                            = 4194304                                   {product} {ergonomic}
   size_t MaxHeapSize                              = 2147483648                                {product} {command line}
   size_t MaxMetaspaceSize                         = 536870912                                 {product} {command line}
   size_t MaxNewSize                               = 1287651328                                {product} {ergonomic}
   size_t MinHeapDeltaBytes                        = 1048576                                   {product} {ergonomic}
    uintx NonNMethodCodeHeapSize                   = 5836300                                {pd product} {ergonomic}
    uintx NonProfiledCodeHeapSize                  = 122910970                              {pd product} {ergonomic}
    uintx ProfiledCodeHeapSize                     = 122910970                              {pd product} {ergonomic}
    uintx ReservedCodeCacheSize                    = 251658240                              {pd product} {ergonomic}
     bool SegmentedCodeCache                       = true                                      {product} {ergonomic}
     bool UseCompressedClassPointers               = true                                 {lp64_product} {ergonomic}
     bool UseCompressedOops                        = true                                 {lp64_product} {ergonomic}
     bool UseG1GC                                  = true                                      {product} {ergonomic}
     bool UseLargePagesIndividualAllocation        = false                                  {pd product} {ergonomic}

Logging:
Log output configuration:
 #0: stdout all=warning uptime,level,tags
 #1: stderr all=off uptime,level,tags

Environment Variables:
CLASSPATH=D:\VsReactNative\nyukitechnologie\android\\gradle\wrapper\gradle-wrapper.jar
PATH=D:\VsReactNative\nyukitechnologie\node_modules\.bin;D:\VsReactNative\nyukitechnologie\node_modules\.bin;D:\VsReactNative\node_modules\.bin;D:\node_modules\.bin;C:\Users\devvu\AppData\Roaming\npm\node_modules\npm\node_modules\@npmcli\run-script\lib\node-gyp-bin;D:\VsReactNative\nyukitechnologie\node_modules\.bin;D:\VsReactNative\nyukitechnologie\node_modules\.bin;D:\VsReactNative\node_modules\.bin;D:\node_modules\.bin;C:\Users\devvu\AppData\Roaming\npm\node_modules\npm\node_modules\@npmcli\run-script\lib\node-gyp-bin;C:\Program Files\Common Files\Oracle\Java\javapath;C:\Program Files (x86)\Common Files\Oracle\Java\javapath;C:\WINDOWS\system32;C:\WINDOWS;C:\WINDOWS\System32\Wbem;C:\WINDOWS\System32\WindowsPowerShell\v1.0\;C:\WINDOWS\System32\OpenSSH\;C:\Program Files\Intel\WiFi\bin\;C:\Program Files\Common Files\Intel\WirelessCommon\;C:\Program Files\nodejs\;C:\Program Files\Git\cmd;C:\Users\devvu\AppData\Local\Android\Sdk\platform-tools;C:\Users\devvu\AppData\Local\Android\Sdk\;C:\Program Files\Java\jdk-11.0.17;C:\laragon\bin\php\php-7-4;C:\composer;C:\laragon\bin;C:\laragon\bin\apache\httpd-2.4.54-win64-VS16\bin;C:\laragon\bin\composer;C:\laragon\bin\git\bin;C:\laragon\bin\git\cmd;C:\laragon\bin\git\mingw64\bin;C:\laragon\bin\git\usr\bin;C:\laragon\bin\laragon\utils;C:\laragon\bin\mysql\mysql-8.0.30-winx64\bin;C:\laragon\bin\nginx\nginx-1.22.0;C:\laragon\bin\ngrok;C:\laragon\bin\nodejs\node-v18;C:\laragon\bin\notepad++;C:\laragon\bin\php\php-7-4;C:\laragon\bin\python\python-3.10;C:\laragon\bin\python\python-3.10\Scripts;C:\laragon\bin\redis\redis-x64-5.0.14.1;C:\laragon\bin\telnet;C:\laragon\usr\bin;C:\Users\devvu\AppData\Local\Yarn\config\global\node_modules\.bin;C:\Users\devvu\AppData\Roaming\Composer\vendor\bin;C:\Users\devvu\AppData\Roaming\npm;C:\Users\devvu\AppData\Local\Microsoft\WindowsApps;C:\Users\devvu\AppData\Local\Programs\Microsoft VS Code\bin;C:\Users\devvu\AppData\Local\Android\Sdk\;C:\Users\devvu\AppData\Local\Android\Sdk\build-tools;C:\Users\devv
USERNAME=devvu
OS=Windows_NT
PROCESSOR_IDENTIFIER=Intel64 Family 6 Model 142 Stepping 12, GenuineIntel



---------------  S Y S T E M  ---------------

OS: Windows 11 , 64 bit Build 23481 (10.0.23481.1000)

CPU:total 8 (initial active 8) (4 cores per cpu, 2 threads per core) family 6 model 142 stepping 12 microcode 0xf0, cmov, cx8, fxsr, mmx, sse, sse2, sse3, ssse3, sse4.1, sse4.2, popcnt, avx, avx2, aes, clmul, erms, 3dnowpref, lzcnt, ht, tsc, tscinvbit, bmi1, bmi2, adx, fma

Memory: 4k page, system-wide physical 7971M (432M free)
TotalPageFile size 25536M (AvailPageFile size 6M)
current process WorkingSet (physical memory assigned to process): 171M, peak: 177M
current process commit charge ("private bytes"): 276M, peak: 282M

vm_info: Java HotSpot(TM) 64-Bit Server VM (11.0.17+10-LTS-269) for windows-amd64 JRE (11.0.17+10-LTS-269), built on Sep 13 2022 19:26:37 by "mach5one" with MS VC++ 15.9 (VS2017)

END.
